//
//  VFR compiler version 2.01 (UEFI 2.4) Developer Build based on Revision: Unknown
//
///** @file
//
//    VFR to produce the formset used by UI.
//
//  Copyright (c) 2013 - 2015, Intel Corporation. All rights reserved.<BR>
//  SPDX-License-Identifier: BSD-2-Clause-Patent
//**/

#include "DriverHealthManagerVfr.h"

formset
  guid      = DRIVER_HEALTH_MANAGER_FORMSET_GUID,
  title     = STRING_TOKEN(STR_FORM_TITLE),
  help      = STRING_TOKEN(STR_FORM_HELP),
  classguid = EFI_HII_PLATFORM_SETUP_FORMSET_GUID,

  form formid = DRIVER_HEALTH_FORM_ID,
      title  = STRING_TOKEN(STR_FORM_TITLE);

      label LABEL_BEGIN;
      label LABEL_END;

      suppressif TRUE;
          text
              help  = STRING_TOKEN(STR_NULL),
              text  = STRING_TOKEN(STR_NULL),
              flags = INTERACTIVE,
              key   = QUESTION_ID_REFRESH_MANAGER;
      endif;

  endform;
endformset;
>00000000: 0E A7 00 B0 B3 CF 63 0B 4B 44 B1 D1 12 D5 D9 5D C4 FC 02 00 03 00 01 71 99 03 93 45 85 04 4B B4 5E 32 EB 83 26 04 0E 
>00000039: 5C 06 00 00 00 00 
>00000045: 5C 06 00 00 01 00 
>00000051: 01 86 01 10 02 00 
>00000057: 5F 15 35 17 0B 0F A0 87 93 41 B2 66 53 8C 38 AF 48 CE 00 00 20 
>00000078: 5F 15 35 17 0B 0F A0 87 93 41 B2 66 53 8C 38 AF 48 CE 00 01 20 
>00000099: 0A 82 
>00000101: 46 02 
>00000103: 0C 8F 04 00 04 00 01 00 00 00 FF FF 04 00 00 
>00000118: 29 02 
>00000120: 29 02 
>00000122: 29 02 
>00000124: 29 02 
//
//  All Opcode Record List
//
>00000000: 0E A7 00 B0 B3 CF 63 0B 4B 44 B1 D1 12 D5 D9 5D C4 FC 02 00 03 00 01 71 99 03 93 45 85 04 4B B4 5E 32 EB 83 26 04 0E 
>00000039: 5C 06 00 00 00 00 
>00000045: 5C 06 00 00 01 00 
>00000051: 01 86 01 10 02 00 
>00000057: 5F 15 35 17 0B 0F A0 87 93 41 B2 66 53 8C 38 AF 48 CE 00 00 20 
>00000078: 5F 15 35 17 0B 0F A0 87 93 41 B2 66 53 8C 38 AF 48 CE 00 01 20 
>00000099: 0A 82 
>00000101: 46 02 
>00000103: 0C 8F 04 00 04 00 01 00 00 00 FF FF 04 00 00 
>00000118: 29 02 
>00000120: 29 02 
>00000122: 29 02 
>00000124: 29 02 

Total Size of all record is 00000126

***************************************************************
PackAlign = 8
		struct EFI_HII_REF : Align : [16]  TotalSize : [0x16]

		struct EFI_HII_REF	{
			+00000000[00000000] QuestionId <UINT16>
			+00000002[00000002] FormId <UINT16>
			+00000004[00000004] FormSetGuid <EFI_GUID>
			+00000020[00000014] DevicePath <EFI_STRING_ID>
		};
---------------------------------------------------------------
		struct EFI_HII_TIME : Align : [1]  TotalSize : [0x3]

		struct EFI_HII_TIME	{
			+00000000[00000000] Hours <UINT8>
			+00000001[00000001] Minutes <UINT8>
			+00000002[00000002] Seconds <UINT8>
		};
---------------------------------------------------------------
		struct EFI_STRING_ID : Align : [2]  TotalSize : [0x2]

		struct EFI_STRING_ID	{
		};
---------------------------------------------------------------
		struct EFI_HII_DATE : Align : [2]  TotalSize : [0x4]

		struct EFI_HII_DATE	{
			+00000000[00000000] Year <UINT16>
			+00000002[00000002] Month <UINT8>
			+00000003[00000003] Day <UINT8>
		};
---------------------------------------------------------------
		struct EFI_GUID : Align : [8]  TotalSize : [0x10]

		struct EFI_GUID	{
		};
---------------------------------------------------------------
		struct BOOLEAN : Align : [1]  TotalSize : [0x1]

		struct BOOLEAN	{
		};
---------------------------------------------------------------
		struct UINT8 : Align : [1]  TotalSize : [0x1]

		struct UINT8	{
		};
---------------------------------------------------------------
		struct UINT16 : Align : [2]  TotalSize : [0x2]

		struct UINT16	{
		};
---------------------------------------------------------------
		struct UINT32 : Align : [4]  TotalSize : [0x4]

		struct UINT32	{
		};
---------------------------------------------------------------
		struct UINT64 : Align : [8]  TotalSize : [0x8]

		struct UINT64	{
		};
---------------------------------------------------------------
***************************************************************
