//
//  VFR compiler version 2.01 (UEFI 2.4) Developer Build based on Revision: Unknown
//
///** @file
//
//    Sample Setup formset.
//
//  Copyright (c) 2004 - 2018, Intel Corporation. All rights reserved.<BR>
// (C) Copyright 2020 Hewlett Packard Enterprise Development LP<BR>
//  SPDX-License-Identifier: BSD-2-Clause-Patent
//
//**/


#include <Uefi/UefiMultiPhase.h>
#include "NVDataStruc.h"

//
// Formset class used by Device Manager
//
#define EFI_NON_DEVICE_CLASS              0x00
#define EFI_DISK_DEVICE_CLASS             0x01
#define EFI_VIDEO_DEVICE_CLASS            0x02
#define EFI_NETWORK_DEVICE_CLASS          0x04
#define EFI_INPUT_DEVICE_CLASS            0x08
#define EFI_ON_BOARD_DEVICE_CLASS         0x10
#define EFI_OTHER_DEVICE_CLASS            0x20

//
// Formset subclass
//
#define EFI_SETUP_APPLICATION_SUBCLASS    0x00
#define EFI_GENERAL_APPLICATION_SUBCLASS  0x01
#define EFI_FRONT_PAGE_SUBCLASS           0x02
#define EFI_SINGLE_USE_SUBCLASS           0x03

#define EFI_USER_INFO_ACCESS_SETUP_ADMIN_GUID \
  { 0x85b75607, 0xf7ce, 0x471e, { 0xb7, 0xe4, 0x2a, 0xea, 0x5f, 0x72, 0x32, 0xee } }

#define PERL_GUID \
  { 0x63E60A51, 0x497D, 0xD427, {0xC4, 0xA5, 0xB8, 0xAB, 0xDC, 0x3A, 0xAE, 0xB6 }}

//
// Labels definition
//
#define LABEL_1_VALUE               0x01
#define LABEL_2_VALUE               0x1000
#define LABEL_UPDATE_BBS            0x2222

formset
>00000000: 0E A7 F4 27 4A A0 00 DF 42 4D B5 52 39 51 13 02 11 3D 13 00 14 00 01 71 99 03 93 45 85 04 4B B4 5E 32 EB 83 26 04 0E 
>00000027: 5C 06 5B 00 00 00 
>0000002d: 5C 06 5D 00 01 00 
  guid      = DRIVER_SAMPLE_FORMSET_GUID,
  title     = STRING_TOKEN(STR_FORM_SET_TITLE),
  help      = STRING_TOKEN(STR_FORM_SET_TITLE_HELP),
  classguid = EFI_HII_PLATFORM_SETUP_FORMSET_GUID,

  //
  // Notes: VfrCompiler will insert a Standard Default Storage declaration
  // after the formset declaration.    >00000040: 5C 06 00 00 00 00.
  // So we don't need to declare the Standard Default.
  // Please check the vfr.lst file for details.
  // To enable list file for VFR, add "-l" to VfrCompile <Command> in [Build.Visual-Form-Representation-File] as follows:
  //          VfrCompile -l --no-pre-processing --output-directory ${d_path} $(OUTPUT_DIR)(+)${s_dir}(+)${s_base}.iii
  //

   //
  // Define a Buffer Storage (EFI_IFR_VARSTORE)
  //
  varstore DRIVER_SAMPLE_CONFIGURATION,     // This is the data structure type
>00000033: 24 22 F4 27 4A A0 00 DF 42 4D B5 52 39 51 13 02 11 3D 34 12 DB 00 4D 79 49 66 72 4E 56 44 61 74 61 00 
    varid = CONFIGURATION_VARSTORE_ID,      // Optional VarStore ID
    name  = MyIfrNVData,                    // Define referenced name in vfr
    guid  = DRIVER_SAMPLE_FORMSET_GUID;     // GUID of this buffer storage

  //
  // Define a EFI variable Storage (EFI_IFR_VARSTORE_EFI)
  //
  efivarstore MY_EFI_VARSTORE_DATA,
>00000055: 26 23 01 00 F4 27 4A A0 00 DF 42 4D B5 52 39 51 13 02 11 3D 03 00 00 00 08 00 4D 79 45 66 69 56 61 72 00 
    attribute = EFI_VARIABLE_BOOTSERVICE_ACCESS | EFI_VARIABLE_NON_VOLATILE,  // EFI variable attribures
    name  = MyEfiVar,
    guid  = DRIVER_SAMPLE_FORMSET_GUID;

  //
  // Define a Buffer Storage (EFI_IFR_VARSTORE)
  //
  efivarstore MY_EFI_BITS_VARSTORE_DATA,                                      // This is the data structure type
>00000078: 26 26 02 00 F4 27 4A A0 00 DF 42 4D B5 52 39 51 13 02 11 3D 03 00 00 00 08 00 4D 79 45 66 69 42 69 74 56 61 72 00 
    attribute = EFI_VARIABLE_BOOTSERVICE_ACCESS | EFI_VARIABLE_NON_VOLATILE,  // EFI variable attribures
    name  = MyEfiBitVar,                                                      // Define referenced name in vfr
    guid  = DRIVER_SAMPLE_FORMSET_GUID;                                       // GUID of this buffer storage

  efivarstore MY_EFI_UNION_DATA,
>0000009e: 26 28 03 00 F4 27 4A A0 00 DF 42 4D B5 52 39 51 13 02 11 3D 03 00 00 00 01 00 4D 79 45 66 69 55 6E 69 6F 6E 56 61 72 00 
    attribute = EFI_VARIABLE_BOOTSERVICE_ACCESS | EFI_VARIABLE_NON_VOLATILE,  // EFI variable attribures
    name  = MyEfiUnionVar,
    guid  = DRIVER_SAMPLE_FORMSET_GUID;

  //
  // Define a Name/Value Storage (EFI_IFR_VARSTORE_NAME_VALUE)
  //
  namevaluevarstore MyNameValueVar,                // Define storage reference name in vfr
>000000c6: 25 14 04 00 F4 27 4A A0 00 DF 42 4D B5 52 39 51 13 02 11 3D 
    name = STRING_TOKEN(STR_NAME_VALUE_VAR_NAME0), // Define Name list of this storage, refer it by MyNameValueVar[0]
    name = STRING_TOKEN(STR_NAME_VALUE_VAR_NAME1), // Define Name list of this storage, refer it by MyNameValueVar[1]
    name = STRING_TOKEN(STR_NAME_VALUE_VAR_NAME2), // Define Name list of this storage, refer it by MyNameValueVar[2]
    guid = DRIVER_SAMPLE_FORMSET_GUID;             // GUID of this Name/Value storage

  defaultstore MyStandardDefault,
    prompt      = STRING_TOKEN(STR_STANDARD_DEFAULT_PROMPT),
    attribute   = 0x0000;                         // Default ID: 0000 standard default

  defaultstore MyManufactureDefault,
    prompt      = STRING_TOKEN(STR_MANUFACTURE_DEFAULT_PROMPT),
    attribute   = 0x0001;                         // Default ID: 0001 manufacture default

  //
  // Define a Form (EFI_IFR_FORM)
  //
  form formid = 1,                                // Form ID
>000000da: 01 86 01 00 15 00 
       title  = STRING_TOKEN(STR_FORM1_TITLE);    // Form title

    subtitle text = STRING_TOKEN(STR_SUBTITLE_TEXT);
>000000e0: 02 87 1A 00 00 00 00 
>000000e7: 29 02 

    subtitle text = STRING_TOKEN(STR_SUBTITLE_TEXT2);
>000000e9: 02 87 1B 00 00 00 00 
>000000f0: 29 02 

    //
    // Define a display only text (EFI_IFR_TEXT)
    //
    text
>000000f2: 03 08 1C 00 50 00 1D 00 
      help   = STRING_TOKEN(STR_TEXT_HELP),       // Help string
      text   = STRING_TOKEN(STR_CPU_STRING),      // Prompt string
        text   = STRING_TOKEN(STR_CPU_STRING2);   // TextTwo

    //
    // Define action button (EFI_IFR_ACTION)
    //
    text
      help   = STRING_TOKEN(STR_EXIT_TEXT),
      text   = STRING_TOKEN(STR_EXIT_TEXT),
      flags  = INTERACTIVE,   // VfrCompiler will generate opcode EFI_IFR_ACTION for Text marked as INTERACTIVE
>000000fa: 0C 8F 54 00 54 00 37 12 00 00 FF FF 04 00 00 
      key    = 0x1237;
>00000109: 29 02 

    text
      help   = STRING_TOKEN(STR_SAVE_TEXT),
      text   = STRING_TOKEN(STR_SAVE_TEXT),
      flags  = INTERACTIVE,
>0000010b: 0C 8F 55 00 55 00 38 12 00 00 FF FF 04 00 00 
      key    = 0x1238;
>0000011a: 29 02 

    text
      help   = STRING_TOKEN(STR_SAVE_CURRENT),
      text   = STRING_TOKEN(STR_SAVE_CURRENT),
      flags  = INTERACTIVE,
>0000011c: 0C 8F 57 00 57 00 43 12 00 00 FF FF 04 00 00 
      key    = 0x1243;
>0000012b: 29 02 

    text
      help   = STRING_TOKEN(STR_DISCARD_CURRENT_AND_EXIT),
      text   = STRING_TOKEN(STR_DISCARD_CURRENT_AND_EXIT),
      flags  = INTERACTIVE,
>0000012d: 0C 8F 58 00 58 00 44 12 00 00 FF FF 04 00 00 
      key    = 0x1244;
>0000013c: 29 02 
    //
    // Define oneof (EFI_IFR_ONE_OF)
    //
    oneof name = MyOneOf,                                // Define reference name for Question
>0000013e: 05 A6 1F 00 26 00 01 00 34 12 5D 00 00 10 00 00 00 00 00 00 00 00 02 00 00 00 00 00 00 00 00 00 00 00 00 00 00 00 
      varid   = MyIfrNVData.SuppressGrayOutSomething,    // Use "DataStructure.Member" to reference Buffer Storage
      prompt  = STRING_TOKEN(STR_ONE_OF_PROMPT),
      help    = STRING_TOKEN(STR_ONE_OF_HELP),
      //
      // Define an option (EFI_IFR_ONE_OF_OPTION)
      //
      option text = STRING_TOKEN(STR_ONE_OF_TEXT4), value = 0x0, flags = 0;
>00000164: 09 07 2A 00 00 00 00 
      option text = STRING_TOKEN(STR_ONE_OF_TEXT5), value = 0x1, flags = 0;
>0000016b: 09 07 2B 00 00 00 01 
      //
      // DEFAULT indicate this option will be marked with EFI_IFR_OPTION_DEFAULT
      //
      option text = STRING_TOKEN(STR_ONE_OF_TEXT6), value = 0x2, flags = DEFAULT;
>00000172: 09 07 2C 00 10 00 02 
    endoneof;
>00000179: 29 02 

    oneof varid  = MyIfrNVData.BootOrderLarge,
>0000017b: 05 A6 1F 00 26 00 02 00 34 12 76 00 00 10 00 00 00 00 00 00 00 00 01 00 00 00 00 00 00 00 00 00 00 00 00 00 00 00 
      prompt      = STRING_TOKEN(STR_ONE_OF_PROMPT),
      help        = STRING_TOKEN(STR_ONE_OF_HELP),
      default value = cond (pushthis == 0 ? 0 : cond ((questionref(MyOneOf) >> 0x4 & 0xF00) == 0x0 + 0x2 ? 0 : 1)),
>000001a1: 5B 85 00 00 08 
>000001a6: 5A 82 
>000001a8: 58 82 
>000001aa: 45 0A 00 00 00 00 00 00 00 00 
>000001b4: 2F 02 
>000001b6: 45 0A 00 00 00 00 00 00 00 00 
>000001c0: 40 04 01 00 
>000001c4: 45 0A 04 00 00 00 00 00 00 00 
>000001ce: 39 02 
>000001d0: 45 0A 00 0F 00 00 00 00 00 00 
>000001da: 35 02 
>000001dc: 45 0A 00 00 00 00 00 00 00 00 
>000001e6: 45 0A 02 00 00 00 00 00 00 00 
>000001f0: 3A 02 
>000001f2: 2F 02 
>000001f4: 45 0A 00 00 00 00 00 00 00 00 
>000001fe: 45 0A 01 00 00 00 00 00 00 00 
>00000208: 50 02 
>0000020a: 50 02 
>0000020c: 29 02 
>0000020e: 29 02 
>00000210: 29 02 
      option text = STRING_TOKEN(STR_BOOT_ORDER1), value = 0x0, flags = 0;
>00000212: 09 07 2D 00 00 00 00 
      option text = STRING_TOKEN(STR_BOOT_ORDER2), value = 0x1, flags = 0;
>00000219: 09 07 2E 00 00 00 01 
    endoneof;
>00000220: 29 02 

    grayoutif  ideqval MyIfrNVData.SuppressGrayOutSomething == 0x1;
>00000222: 19 82 
>00000224: 12 06 01 00 01 00 
      suppressif questionref(MyOneOf) == 0x0;
>0000022a: 0A 82 
>0000022c: 40 84 01 00 
>00000230: 45 0A 00 00 00 00 00 00 00 00 
>0000023a: 2F 02 
>0000023c: 29 02 

        checkbox varid   = MyIfrNVData.ChooseToActivateNuclearWeaponry,
>0000023e: 06 8E 2F 00 30 00 03 00 34 12 5C 00 00 03 
                 prompt   = STRING_TOKEN(STR_CHECK_BOX_PROMPT),
                 help     = STRING_TOKEN(STR_CHECK_BOX_HELP),
                 //
                 // CHECKBOX_DEFAULT indicate this checkbox is marked with EFI_IFR_CHECKBOX_DEFAULT
                 // CHECKBOX_DEFAULT_MFG indicate EFI_IFR_CHECKBOX_DEFAULT_MFG.
                 //
                 flags    = CHECKBOX_DEFAULT | CHECKBOX_DEFAULT_MFG,
                 default  = TRUE,
>0000024c: 5B 06 00 00 00 01 
        endcheckbox;
>00000252: 29 02 
      endif;
>00000254: 29 02 
    endif;
>00000256: 29 02 

    //
    // Ordered list:
    //   sizeof(MyIfrNVData) storage must be UINT8 array, and
    //   size written for the variable must be size of the entire
    //   variable.
    //
    //
    suppressif ideqval MyIfrNVData.SuppressGrayOutSomething == 0x0;
>00000258: 0A 82 
>0000025a: 12 06 01 00 00 00 

      //
      // label is defined as an anchor where you want to insert some dynamic
      // opcodes created on-the-fly
      //
      label LABEL_UPDATE_BBS;
>00000260: 5F 15 35 17 0B 0F A0 87 93 41 B2 66 53 8C 38 AF 48 CE 00 22 22 

      orderedlist
>00000275: 23 8F 8D 00 5A 00 04 00 34 12 66 00 10 08 00 
                varid       = MyIfrNVData.BootOrder,
                prompt      = STRING_TOKEN(STR_BOOT_OPTIONS),
                help        = STRING_TOKEN(STR_NULL_STRING),
                flags       = RESET_REQUIRED,
                option text = STRING_TOKEN(STR_BOOT_OPTION2), value = 2, flags = 0;
>00000284: 09 08 8F 00 01 01 02 00 
                option text = STRING_TOKEN(STR_BOOT_OPTION1), value = 1, flags = 0;
>0000028c: 09 08 8E 00 01 01 01 00 
                option text = STRING_TOKEN(STR_BOOT_OPTION3), value = 3, flags = 0;
>00000294: 09 08 90 00 01 01 03 00 
              suppressif ideqval MyIfrNVData.BootOrderLarge == 0;
>0000029c: 0A 82 
>0000029e: 12 06 02 00 00 00 
                option text = STRING_TOKEN(STR_BOOT_OPTION4), value = 4, flags = 0;
>000002a4: 09 08 91 00 01 01 04 00 
              endif;
>000002ac: 29 02 
      endlist;
>000002ae: 29 02 

      //
      // label should be paired with each other
      //
      label LABEL_END;
>000002b0: 5F 15 35 17 0B 0F A0 87 93 41 B2 66 53 8C 38 AF 48 CE 00 23 22 

    endif;    // end suppressif
>000002c5: 29 02 

    disableif ideqval MyIfrNVData.SuppressGrayOutSomething == 0x2;
>000002c7: 1E 82 
>000002c9: 12 06 01 00 02 00 
      orderedlist
>000002cf: 23 8F 52 00 50 00 05 00 34 12 5E 00 10 08 00 
        varid       = MyIfrNVData.OrderedList,
        prompt      = STRING_TOKEN(STR_TEST_OPCODE),
        help        = STRING_TOKEN(STR_TEXT_HELP),
        flags       = RESET_REQUIRED,
        option text = STRING_TOKEN(STR_ONE_OF_TEXT1), value = 3, flags = 0;
>000002de: 09 07 27 00 00 00 03 
        option text = STRING_TOKEN(STR_ONE_OF_TEXT2), value = 2, flags = 0;
>000002e5: 09 07 28 00 00 00 02 
        option text = STRING_TOKEN(STR_ONE_OF_TEXT3), value = 1, flags = 0;
>000002ec: 09 07 29 00 00 00 01 
        default     = {1,2,3},
>000002f3: 5B 08 00 00 0B 01 02 03 
      endlist;
>000002fb: 29 02 
    endif;
>000002fd: 29 02 

    label 100;
>000002ff: 5F 15 35 17 0B 0F A0 87 93 41 B2 66 53 8C 38 AF 48 CE 00 64 00 

    //
    // Define a hyperlink (EFI_IFR_REF)
    //
    goto 0x1234,                                  // Destination Form ID
>00000314: 0F 0F 41 00 51 00 34 12 00 00 FF FF 04 34 12 
      prompt  = STRING_TOKEN(STR_GOTO_DYNAMIC),   // Prompt string
      help    = STRING_TOKEN(STR_GOTO_HELP),      // Help string
      flags   = INTERACTIVE,                      // INTERACTIVE indicate it's marked with EFI_IFR_FLAG_CALLBACK
      key     = 0x1234;                           // Question ID which will be passed-in in COnfigAccess.Callback()

    goto 0x1234,
>00000323: 0F 0F 42 00 51 00 35 12 00 00 FF FF 04 34 12 
      prompt  = STRING_TOKEN(STR_GOTO_DYNAMIC2),
      help    = STRING_TOKEN(STR_GOTO_HELP),
      flags   = INTERACTIVE,
      key     = 0x1235;

    oneof varid  = MyIfrNVData.TestLateCheck,
>00000332: 05 A6 52 00 26 00 06 00 34 12 59 00 10 10 00 00 00 00 00 00 00 00 01 00 00 00 00 00 00 00 00 00 00 00 00 00 00 00 
      prompt      = STRING_TOKEN(STR_TEST_OPCODE),
      help        = STRING_TOKEN(STR_ONE_OF_HELP),
      flags       = RESET_REQUIRED,
      option text = STRING_TOKEN(STR_ONE_OF_TEXT1), value = 0, flags = 0;
>00000358: 09 07 27 00 00 00 00 
      option text = STRING_TOKEN(STR_ONE_OF_TEXT2), value = 1, flags = DEFAULT;
>0000035f: 09 07 28 00 10 00 01 
      warningif prompt = STRING_TOKEN(STR_WARNING_POPUP), timeout = 5,
>00000366: 63 85 AC 00 05 
        ideqval MyIfrNVData.TestLateCheck == 0
>0000036b: 12 06 06 00 00 00 
      endif;
>00000371: 29 02 

    endoneof;
>00000373: 29 02 

    oneof varid  = MyIfrNVData.TestLateCheck2,
>00000375: 05 A6 53 00 26 00 07 00 34 12 5A 00 10 10 00 00 00 00 00 00 00 00 01 00 00 00 00 00 00 00 00 00 00 00 00 00 00 00 
      prompt      = STRING_TOKEN(STR_TEST_OPCODE2),
      help        = STRING_TOKEN(STR_ONE_OF_HELP),
      flags       = RESET_REQUIRED,
      option text = STRING_TOKEN(STR_ONE_OF_TEXT1), value = 0, flags = DEFAULT;
>0000039b: 09 07 27 00 10 00 00 
      option text = STRING_TOKEN(STR_ONE_OF_TEXT2), value = 1, flags = 0;
>000003a2: 09 07 28 00 00 00 01 

      inconsistentif prompt = STRING_TOKEN(STR_ERROR_POPUP),
>000003a9: 11 84 47 00 
        ideqid MyIfrNVData.TestLateCheck == MyIfrNVData.TestLateCheck2
>000003ad: 13 06 06 00 07 00 
      endif;
>000003b3: 29 02 

    endoneof;
>000003b5: 29 02 

    oneof varid  = MyIfrNVData.QuestionAboutTreeHugging,
>000003b7: 05 A6 20 00 26 00 08 00 34 12 5B 00 10 10 00 00 00 00 00 00 00 00 03 00 00 00 00 00 00 00 00 00 00 00 00 00 00 00 
      prompt      = STRING_TOKEN(STR_ONE_OF_PROMPT_KEYWORD),
      help        = STRING_TOKEN(STR_ONE_OF_HELP),
      flags       = RESET_REQUIRED,
      option text = STRING_TOKEN(STR_ONE_OF_TEXT1), value = 0, flags = 0;
>000003dd: 09 07 27 00 00 00 00 
      option text = STRING_TOKEN(STR_ONE_OF_TEXT2), value = 1, flags = DEFAULT;
>000003e4: 09 07 28 00 10 00 01 
      option text = STRING_TOKEN(STR_ONE_OF_TEXT3), value = 3, flags = 0;
>000003eb: 09 07 29 00 00 00 03 
    endoneof;
>000003f2: 29 02 

    //
    // This is an HII option which has REST_STYLE flag and x-UEFI namespace
    // UNI string associated. This HII option could be configured by either in-band
    // edk2 setup browser or the remote management in out-of-band such as Redfish
    // service. This HII option is configured through EFI_KEYWORD_HANDLER_PROTOCOL.
    //
    oneof varid  = MyIfrNVData.QuestionXUefiKeywordRestStyle,
>000003f4: 05 A6 22 00 23 00 09 00 34 12 D9 00 30 10 00 00 00 00 00 00 00 00 03 00 00 00 00 00 00 00 00 00 00 00 00 00 00 00 
      prompt      = STRING_TOKEN(STR_ONE_OF_PROMPT_X_UEFI),
      help        = STRING_TOKEN(STR_ONE_OF_PROMPT_X_UEFI_HELP),
      flags       = RESET_REQUIRED | REST_STYLE,
      option text = STRING_TOKEN(STR_ONE_OF_TEXT1), value = 0, flags = 0;
>0000041a: 09 07 27 00 00 00 00 
      option text = STRING_TOKEN(STR_ONE_OF_TEXT2), value = 1, flags = DEFAULT;
>00000421: 09 07 28 00 10 00 01 
      option text = STRING_TOKEN(STR_ONE_OF_TEXT3), value = 3, flags = 0;
>00000428: 09 07 29 00 00 00 03 
    endoneof;
>0000042f: 29 02 


    //
    // This is a HII option which has REST_STYLE flag but without the x-UEFI namespace
    // UNI string associated. This HII option could be configured by either
    // setup browser or the remote management in out-of-band such as Redfish
    // service. This HII option is configured through EFI HII Configuration Routing
    // Protocol becasue it doesn't have x-UEFI namespace UNI string.
    //
    numeric varid  = MyIfrNVData.QuestionNonXUefiKeywordRestStyle,
>00000431: 07 A6 24 00 25 00 0A 00 34 12 DA 00 30 10 00 00 00 00 00 00 00 00 F0 00 00 00 00 00 00 00 00 00 00 00 00 00 00 00 
      prompt       = STRING_TOKEN(STR_ONE_OF_PROMPT_NON_X_UEFI),
      help         = STRING_TOKEN(STR_ONE_OF_PROMPT_NON_X_UEFI_HELP),
      flags        = RESET_REQUIRED | REST_STYLE,
      minimum      = 0,
      maximum      = 0xf0,
      step         = 0,          // Stepping of 0 equates to a manual entering
                                 // of a value, otherwise it will be adjusted by "+"/"-"
      default      = 0,          // defaultstore could be used to specify the default type
>00000457: 5B 06 00 00 00 00 
                                 // If no defaultstore is specified, it implies Standard Default
    endnumeric;
>0000045d: 29 02 

    //
    // Define a string (EFI_IFR_STRING)
    //
    string    varid    = MyIfrNVData.MyStringData,
>0000045f: 1C 90 48 00 49 00 36 12 34 12 00 00 04 06 28 00 
              prompt   = STRING_TOKEN(STR_MY_STRING_PROMPT2),
              help     = STRING_TOKEN(STR_MY_STRING_HELP2),
              flags    = INTERACTIVE,
              key      = 0x1236,
              minsize  = 6,
              maxsize  = 40,
              inconsistentif prompt = STRING_TOKEN(STR_STRING_CHECK_ERROR_POPUP),
>0000046f: 11 84 63 00 
                pushthis != stringref(STRING_TOKEN(STR_STRING_CHECK))
>00000473: 58 82 
>00000475: 4E 04 62 00 
>00000479: 30 02 
>0000047b: 29 02 
              endif;
>0000047d: 29 02 
    endstring;
>0000047f: 29 02 

    //
    // Define a numeric (EFI_IFR_NUMERIC)
    //
    numeric varid   = MyIfrNVData.HowOldAreYouInYearsManual,
>00000481: 07 A6 32 00 35 00 0B 00 34 12 52 00 01 10 00 00 00 00 00 00 00 00 F0 00 00 00 00 00 00 00 00 00 00 00 00 00 00 00 
            prompt  = STRING_TOKEN(STR_NUMERIC_READONLY_PROMPT),
            help    = STRING_TOKEN(STR_NUMERIC_HELP0),
            flags   = READ_ONLY,  // READ_ONLY indicate it's marked with EFI_IFR_FLAG_READ_ONLY
            minimum = 0,
            maximum = 0xf0,
            step    = 0,          // Stepping of 0 equates to a manual entering
                                  // of a value, otherwise it will be adjusted by "+"/"-"
            default = 21,         // defaultstore could be used to specify the default type
>000004a7: 5B 06 00 00 00 15 
                                  // If no defaultstore is specified, it implies Standard Default

    endnumeric;
>000004ad: 29 02 

    numeric varid   = MyIfrNVData.HowOldAreYouInYearsManual,
>000004af: 07 A6 33 00 35 00 0C 00 34 12 52 00 00 10 00 00 00 00 00 00 00 00 F0 00 00 00 00 00 00 00 00 00 00 00 00 00 00 00 
            prompt  = STRING_TOKEN(STR_NUMERIC_MANUAL_PROMPT),
            help    = STRING_TOKEN(STR_NUMERIC_HELP0),
            minimum = 0,
            maximum = 0xf0,
            step    = 0,
            default value = questionrefval(devicepath = STRING_TOKEN (STR_DEVICE_PATH), guid = DRIVER_SAMPLE_FORMSET_GUID, 0x1111),
>000004d5: 5B 85 00 00 08 
>000004da: 5A 82 
>000004dc: 45 8A 11 11 00 00 00 00 00 00 
>000004e6: 51 14 6D 00 F4 27 4A A0 00 DF 42 4D B5 52 39 51 13 02 11 3D 
>000004fa: 29 02 
>000004fc: 29 02 
>000004fe: 29 02 

            inconsistentif prompt = STRING_TOKEN(STR_ERROR_POPUP),
>00000500: 11 84 47 00 
              ideqval MyIfrNVData.HowOldAreYouInYearsManual == 99
>00000504: 12 86 0C 00 63 00 
              OR
              ideqid  MyIfrNVData.HowOldAreYouInYearsManual == MyEfiVar.Field8
>0000050a: 13 06 0C 00 11 11 
>00000510: 16 03 00 
>00000524: 29 02 
              OR
              ideqvallist MyIfrNVData.HowOldAreYouInYearsManual == 1 3 5 7
>00000513: 14 0E 0C 00 04 00 01 00 03 00 05 00 07 00 
>00000521: 16 03 00 
            endif;
>00000526: 29 02 

    endnumeric;
>00000528: 29 02 

    numeric varid   = MyEfiVar.Field8,                    // Reference of EFI variable storage
>0000052a: 07 A6 34 00 36 00 11 11 01 00 00 00 04 20 00 00 00 00 00 00 00 00 FA 00 00 00 00 00 00 00 00 00 00 00 00 00 00 00 
            questionid  = 0x1111,
            prompt  = STRING_TOKEN(STR_TALL_HEX_PROMPT),
            help    = STRING_TOKEN(STR_NUMERIC_HELP1),
            flags   = DISPLAY_UINT_HEX | INTERACTIVE,     // Display in HEX format (if not specified, default is in decimal format)
            minimum = 0,
            maximum = 250,
            default = 18, defaultstore = MyStandardDefault,     // This is standard default value
>00000550: 5B 06 00 00 00 12 
            default = 19, defaultstore = MyManufactureDefault,  // This is manufacture default value
>00000556: 5B 06 01 00 00 13 

    endnumeric;
>0000055c: 29 02 

    //
    // Define numeric using Name/Value Storage
    //
    numeric varid   = MyNameValueVar[0],     // This numeric take NameValueVar0 as storage
>0000055e: 07 91 92 00 5F 00 0D 00 04 00 92 00 00 10 00 FF 00 
            prompt  = STRING_TOKEN(STR_NAME_VALUE_VAR_NAME0),
            help    = STRING_TOKEN(STR_NAME_VALUE_VAR_NAME0_HELP),
            //
            // Size should be defined for numeric when use Name/Value storage
            // Valid value for numerice size are: NUMERIC_SIZE_1, NUMERIC_SIZE_2, NUMERIC_SIZE_4 and NUMERIC_SIZE_8
            //
            flags   = NUMERIC_SIZE_1,        // Size of this numeric is 1 byte
            minimum = 0,
            maximum = 0xff,
            step    = 0,
            locked,
>0000056f: 0B 02 
            default = 16, defaultstore = MyStandardDefault,     // This is standard default value
>00000571: 5B 06 00 00 00 10 
            default = 17, defaultstore = MyManufactureDefault,  // This is manufacture default value
>00000577: 5B 06 01 00 00 11 
    endnumeric;
>0000057d: 29 02 

    numeric varid   = MyNameValueVar[1],     // This numeric take NameValueVar1 as storage
>0000057f: 07 94 93 00 60 00 0E 00 04 00 93 00 00 11 00 00 FF FF 00 00 
            prompt  = STRING_TOKEN(STR_NAME_VALUE_VAR_NAME1),
            help    = STRING_TOKEN(STR_NAME_VALUE_VAR_NAME1_HELP),
            flags   = NUMERIC_SIZE_2,        // Size of this numeric is 2 bytes
            minimum = 0,
            maximum = 0xffff,
            step    = 0,
            default = 18, defaultstore = MyStandardDefault,     // This is standard default value
>00000593: 5B 07 00 00 01 12 00 
            default = 19, defaultstore = MyManufactureDefault,  // This is manufacture default value
>0000059a: 5B 07 01 00 01 13 00 
    endnumeric;
>000005a1: 29 02 

    //
    // Define string using Name/Value Storage
    //
    string    varid    = MyNameValueVar[2],     // This string take NameValueVar2 as storage
>000005a3: 1C 90 94 00 61 00 0F 00 04 00 94 00 00 02 14 00 
              prompt   = STRING_TOKEN(STR_NAME_VALUE_VAR_NAME2),
              help     = STRING_TOKEN(STR_NAME_VALUE_VAR_NAME2_HELP),
              minsize  = 2,
              maxsize  = 0x14,
    endstring;
>000005b3: 29 02 

    oneof varid   = MyEfiVar.Field16,
>000005b5: 05 A6 1F 00 1E 00 10 00 01 00 01 00 00 11 00 00 00 00 00 00 00 00 01 00 00 00 00 00 00 00 00 00 00 00 00 00 00 00 
      prompt      = STRING_TOKEN(STR_ONE_OF_PROMPT),
      help        = STRING_TOKEN(STR_NUMERIC_NUM_HELP),
      option text = STRING_TOKEN(STR_BOOT_ORDER1), value = 0x0, flags = 0;
>000005db: 09 08 2D 00 01 01 00 00 
      option text = STRING_TOKEN(STR_BOOT_ORDER2), value = 0x1, flags = DEFAULT;
>000005e3: 09 08 2E 00 11 01 01 00 
    endoneof;
>000005eb: 29 02 

    label LABEL_1_VALUE;
>000005ed: 5F 15 35 17 0B 0F A0 87 93 41 B2 66 53 8C 38 AF 48 CE 00 01 00 
    label LABEL_2_VALUE;
>00000602: 5F 15 35 17 0B 0F A0 87 93 41 B2 66 53 8C 38 AF 48 CE 00 00 10 

    grayoutif  ideqval MyIfrNVData.HowOldAreYouInYearsManual == 23 AND ideqval MyIfrNVData.SuppressGrayOutSomething == 0x1;
>00000617: 19 82 
>00000619: 12 86 0C 00 17 00 
>0000061f: 12 06 01 00 01 00 
>00000625: 15 02 
>00000627: 29 02 
      numeric varid   = MyIfrNVData.HowOldAreYouInYears,
>00000629: 07 A6 31 00 37 00 11 00 34 12 55 00 00 10 00 00 00 00 00 00 00 00 F3 00 00 00 00 00 00 00 01 00 00 00 00 00 00 00 
              prompt  = STRING_TOKEN(STR_NUMERIC_STEP_PROMPT),
              help    = STRING_TOKEN(STR_NUMERIC_HELP2),
              minimum = 0,
              maximum = 243,
              step    = 1,
              default = 18, defaultstore = MyStandardDefault,     // This is standard default value
>0000064f: 5B 06 00 00 00 12 
              default = 19, defaultstore = MyManufactureDefault,  // This is manufacture default value
>00000655: 5B 06 01 00 00 13 

      endnumeric;
>0000065b: 29 02 
    endif;
>0000065d: 29 02 

    numeric varid   = MyIfrNVData.GetDefaultValueFromAccess,
>0000065f: 07 A6 69 00 6A 00 39 12 34 12 C6 00 04 20 00 00 00 00 00 00 00 00 FF 00 00 00 00 00 00 00 01 00 00 00 00 00 00 00 
            questionid = 0x1239,
            prompt  = STRING_TOKEN(STR_DEFAULT_VALUE_FROM_ACCESS_PROMPT),
            help    = STRING_TOKEN(STR_DEFAULT_VALUE_FROM_ACCESS_HELP),
            flags   = DISPLAY_UINT_HEX | INTERACTIVE,
            minimum = 0,
            maximum = 255,
            step    = 1,
            default = 18,
>00000685: 5B 06 00 00 00 12 
    endnumeric;
>0000068b: 29 02 

    numeric varid   = MyIfrNVData.GetDefaultValueFromCallBack,
>0000068d: 07 A6 67 00 68 00 40 12 34 12 C5 00 04 20 00 00 00 00 00 00 00 00 FF 00 00 00 00 00 00 00 01 00 00 00 00 00 00 00 
            questionid = 0x1240,
            prompt  = STRING_TOKEN(STR_DEFAULT_VALUE_FROM_CALLBACK_PROMPT),
            help    = STRING_TOKEN(STR_DEFAULT_VALUE_FROM_CALLBACK_HELP),
            flags   = DISPLAY_UINT_HEX | INTERACTIVE,
            minimum = 0,
            maximum = 255,
            step    = 1,
            default = 18,
>000006b3: 5B 06 00 00 00 12 
    endnumeric;
>000006b9: 29 02 

    orderedlist
>000006bb: 23 8F 67 00 68 00 52 12 34 12 CC 00 04 03 00 
        varid       = MyIfrNVData.GetDefaultValueFromCallBackForOrderedList,
        questionid  = 0x1252,
        prompt      = STRING_TOKEN(STR_DEFAULT_VALUE_FROM_CALLBACK_PROMPT),
        help        = STRING_TOKEN(STR_DEFAULT_VALUE_FROM_CALLBACK_HELP),
        flags       = INTERACTIVE,
        option text = STRING_TOKEN(STR_ONE_OF_TEXT1), value = 1, flags = 0;
>000006ca: 09 07 27 00 00 00 01 
        option text = STRING_TOKEN(STR_ONE_OF_TEXT2), value = 2, flags = 0;
>000006d1: 09 07 28 00 00 00 02 
        option text = STRING_TOKEN(STR_ONE_OF_TEXT3), value = 3, flags = 0;
>000006d8: 09 07 29 00 00 00 03 
    endlist;
>000006df: 29 02 

    resetbutton
>000006e1: 0D 88 5B 00 5C 00 00 00 
      defaultstore = MyStandardDefault,
      prompt   = STRING_TOKEN(STR_STANDARD_DEFAULT_PROMPT),
      help     = STRING_TOKEN(STR_STANDARD_DEFAULT_HELP),
    endresetbutton;
>000006e9: 29 02 

    resetbutton
>000006eb: 0D 88 5D 00 5E 00 01 00 
      defaultstore = MyManufactureDefault,
      prompt   = STRING_TOKEN(STR_MANUFACTURE_DEFAULT_PROMPT),
      help     = STRING_TOKEN(STR_MANUFACTURE_DEFAULT_HELP),
    endresetbutton;
>000006f3: 29 02 

    //
    // Sample use case for IFR Security op-code
    //
    grayoutif NOT security (EFI_USER_INFO_ACCESS_SETUP_ADMIN_GUID);
>000006f5: 19 82 
>000006f7: 60 92 07 56 B7 85 CE F7 1E 47 B7 E4 2A EA 5F 72 32 EE 
>00000709: 17 02 
>0000070b: 29 02 
      text
>0000070d: 03 08 38 00 39 00 00 00 
        help = STRING_TOKEN(STR_TEXT_SECRUITY_TEST_HELP),
        text = STRING_TOKEN(STR_TEXT_SECRUITY_TEST_TEXT);
    endif;
>00000715: 29 02 

    numeric varid   = MyEfiVar.SubmittedCallback,
>00000717: 07 A6 6E 00 6F 00 50 12 01 00 06 00 04 11 00 00 00 00 00 00 00 00 FF 00 00 00 00 00 00 00 00 00 00 00 00 00 00 00 
            questionid = 0x1250,
            prompt  = STRING_TOKEN(STR_SUBMITTED_CALLBACK_TEST_PROMPT),
            help    = STRING_TOKEN(STR_SUBMITTED_CALLBACK_TEST_HELP),
            flags   = INTERACTIVE,
            minimum = 0,
            maximum = 255,
            default = 18,
>0000073d: 5B 07 00 00 01 12 00 
    endnumeric;
>00000744: 29 02 

    text
      help  = STRING_TOKEN(STR_POPUP_TEST_HELP),
      text  = STRING_TOKEN(STR_POPUP_TEST_PROMPT),
      flags = INTERACTIVE,
>00000746: 0C 8F 70 00 71 00 30 13 00 00 FF FF 04 00 00 
      key   = 0x1330;
>00000755: 29 02 

    goto 2,
>00000757: 0F 0F 3B 00 51 00 12 00 00 00 FF FF 00 02 00 
      prompt = STRING_TOKEN(STR_GOTO_FORM2), //SecondSetupPage  // this too has no end-op and basically it's a jump to a form ONLY
      help   = STRING_TOKEN(STR_GOTO_HELP);

    goto 3,
>00000766: 0F 0F 3C 00 51 00 13 00 00 00 FF FF 00 03 00 
      prompt = STRING_TOKEN(STR_GOTO_FORM3), //ThirdSetupPage  // this too has no end-op and basically it's a jump to a form ONLY
      help   = STRING_TOKEN(STR_GOTO_HELP);

    goto 4,
>00000775: 0F 0F 3D 00 51 00 14 00 00 00 FF FF 00 04 00 
      prompt = STRING_TOKEN(STR_GOTO_FORM4), //FourthSetupPage  // this too has no end-op and basically it's a jump to a form ONLY
      help   = STRING_TOKEN(STR_GOTO_HELP);

    goto 5,
>00000784: 0F 0F 3F 00 40 00 15 00 00 00 FF FF 00 05 00 
      prompt = STRING_TOKEN(STR_GOTO_FORM5), //FifthSetupPage  // this too has no end-op and basically it's a jump to a form ONLY
      help   = STRING_TOKEN(STR_GOTO_FORM5_HELP);

    goto 6,
>00000793: 0F 0F 3E 00 51 00 16 00 00 00 FF FF 00 06 00 
      prompt = STRING_TOKEN(STR_GOTO_FORM6), //SixthSetupPage  // this too has no end-op and basically it's a jump to a form ONLY
      help   = STRING_TOKEN(STR_GOTO_HELP);

    goto
>000007a2: 0F 21 6B 00 6C 00 17 00 00 00 FF FF 00 01 00 01 00 70 64 F5 B3 41 61 21 46 8F 19 70 4E 57 7A A9 E8 
      formsetguid = DRIVER_SAMPLE_INVENTORY_GUID,
      formid  = 0x1,
      question = 0x1,
      prompt  = STRING_TOKEN(STR_GOTO_ANOTHER_FORMSET),
      help    = STRING_TOKEN(STR_GOTO_ANOTHER_FORMSET_HELP);

    guidop
>000007c3: 5F 9A F4 27 4A A0 00 DF 42 4D B5 52 39 51 13 02 11 3D 00 00 00 00 00 00 00 00 
      guid = DRIVER_SAMPLE_FORMSET_GUID,
      datatype = MY_EFI_VARSTORE_DATA,
        data.Field8  = 0x21,
        data.Field16 = 0x2121,
        data.OrderedList[0] = 0x21,
    endguidop;
>000007dd: 29 02 

     goto 7,
>000007df: 0F 0F 74 00 75 00 18 00 00 00 FF FF 00 07 00 
      prompt = STRING_TOKEN(STR_GOTO_FORM7),
      help   = STRING_TOKEN(STR_GOTO_FORM7_HELP);

  endform;
>000007ee: 29 02 

  suppressif ideqval MyIfrNVData.BootOrderLarge == 0;
>000007f2: 12 06 02 00 00 00 
    form formid = 2,               // SecondSetupPage,
>000007f8: 01 86 02 00 16 00 
      title = STRING_TOKEN(STR_FORM2_TITLE);  // note formid is a variable (for readability) (UINT16) - also added Form to the line to signify the Op-Code

      date
>000007fe: 1A 8E 4C 00 4D 00 19 00 00 00 FF FF 00 10 
        name    = Date,
        prompt  = STRING_TOKEN(STR_DATE_PROMPT),
        help    = STRING_TOKEN(STR_DATE_HELP),
        flags   = STORAGE_TIME,
        default = 2004/1/1,
>0000080c: 5B 09 00 00 06 D4 07 01 01 

        inconsistentif prompt = STRING_TOKEN(STR_ERROR_POPUP),
>00000815: 11 84 47 00 
          ideqval Date.Day == 31
>00000819: 40 84 19 00 
>0000081d: 44 06 00 00 00 FF 
>00000823: 35 02 
>00000825: 42 03 18 
>00000828: 39 02 
>0000082a: 42 03 1F 
>0000082d: 2F 02 
          AND
          ideqvallist Date.Month == 2 4 6 9 11
>0000082f: 40 04 19 00 
>00000833: 44 06 00 00 FF 00 
>00000839: 35 02 
>0000083b: 42 03 10 
>0000083e: 39 02 
>00000840: 42 03 02 
>00000843: 2F 02 
>00000845: 40 04 19 00 
>00000849: 44 06 00 00 FF 00 
>0000084f: 35 02 
>00000851: 42 03 10 
>00000854: 39 02 
>00000856: 42 03 04 
>00000859: 2F 02 
>0000085b: 16 03 00 
>0000085e: 40 04 19 00 
>00000862: 44 06 00 00 FF 00 
>00000868: 35 02 
>0000086a: 42 03 10 
>0000086d: 39 02 
>0000086f: 42 03 06 
>00000872: 2F 02 
>00000874: 16 03 00 
>00000877: 40 04 19 00 
>0000087b: 44 06 00 00 FF 00 
>00000881: 35 02 
>00000883: 42 03 10 
>00000886: 39 02 
>00000888: 42 03 09 
>0000088b: 2F 02 
>0000088d: 16 03 00 
>00000890: 40 04 19 00 
>00000894: 44 06 00 00 FF 00 
>0000089a: 35 02 
>0000089c: 42 03 10 
>0000089f: 39 02 
>000008a1: 42 03 0B 
>000008a4: 2F 02 
>000008a6: 16 03 00 
>000008a9: 15 02 
>000008ab: 29 02 
        endif;
>000008ad: 29 02 

        //
        // If the day is 30 AND month is 2
        //
        inconsistentif prompt = STRING_TOKEN(STR_ERROR_POPUP),
>000008af: 11 84 47 00 
          ideqval Date.Day == 30
>000008b3: 40 84 19 00 
>000008b7: 44 06 00 00 00 FF 
>000008bd: 35 02 
>000008bf: 42 03 18 
>000008c2: 39 02 
>000008c4: 42 03 1E 
>000008c7: 2F 02 
          AND
          ideqval Date.Month == 2
>000008c9: 40 04 19 00 
>000008cd: 44 06 00 00 FF 00 
>000008d3: 35 02 
>000008d5: 42 03 10 
>000008d8: 39 02 
>000008da: 42 03 02 
>000008dd: 2F 02 
>000008df: 15 02 
>000008e1: 29 02 
        endif;
>000008e3: 29 02 

        //
        // If the day is 29 AND month is 2 AND it year is NOT a leapyear
        //
        inconsistentif prompt = STRING_TOKEN(STR_ERROR_POPUP),
>000008e5: 11 84 47 00 
          ideqval Date.Day == 0x1D
>000008e9: 40 84 19 00 
>000008ed: 44 06 00 00 00 FF 
>000008f3: 35 02 
>000008f5: 42 03 18 
>000008f8: 39 02 
>000008fa: 42 03 1D 
>000008fd: 2F 02 
          AND
          ideqval Date.Month == 2
>000008ff: 40 04 19 00 
>00000903: 44 06 00 00 FF 00 
>00000909: 35 02 
>0000090b: 42 03 10 
>0000090e: 39 02 
>00000910: 42 03 02 
>00000913: 2F 02 
>00000915: 15 02 
          AND
          NOT
          ideqvallist Date.Year == 2004 2008 20012 20016 2020 2024 2028 2032 2036
>00000917: 40 04 19 00 
>0000091b: 44 06 FF FF 00 00 
>00000921: 35 02 
>00000923: 42 03 00 
>00000926: 39 02 
>00000928: 43 04 D4 07 
>0000092c: 2F 02 
>0000092e: 40 04 19 00 
>00000932: 44 06 FF FF 00 00 
>00000938: 35 02 
>0000093a: 42 03 00 
>0000093d: 39 02 
>0000093f: 43 04 D8 07 
>00000943: 2F 02 
>00000945: 16 03 00 
>00000948: 40 04 19 00 
>0000094c: 44 06 FF FF 00 00 
>00000952: 35 02 
>00000954: 42 03 00 
>00000957: 39 02 
>00000959: 43 04 2C 4E 
>0000095d: 2F 02 
>0000095f: 16 03 00 
>00000962: 40 04 19 00 
>00000966: 44 06 FF FF 00 00 
>0000096c: 35 02 
>0000096e: 42 03 00 
>00000971: 39 02 
>00000973: 43 04 30 4E 
>00000977: 2F 02 
>00000979: 16 03 00 
>0000097c: 40 04 19 00 
>00000980: 44 06 FF FF 00 00 
>00000986: 35 02 
>00000988: 42 03 00 
>0000098b: 39 02 
>0000098d: 43 04 E4 07 
>00000991: 2F 02 
>00000993: 16 03 00 
>00000996: 40 04 19 00 
>0000099a: 44 06 FF FF 00 00 
>000009a0: 35 02 
>000009a2: 42 03 00 
>000009a5: 39 02 
>000009a7: 43 04 E8 07 
>000009ab: 2F 02 
>000009ad: 16 03 00 
>000009b0: 40 04 19 00 
>000009b4: 44 06 FF FF 00 00 
>000009ba: 35 02 
>000009bc: 42 03 00 
>000009bf: 39 02 
>000009c1: 43 04 EC 07 
>000009c5: 2F 02 
>000009c7: 16 03 00 
>000009ca: 40 04 19 00 
>000009ce: 44 06 FF FF 00 00 
>000009d4: 35 02 
>000009d6: 42 03 00 
>000009d9: 39 02 
>000009db: 43 04 F0 07 
>000009df: 2F 02 
>000009e1: 16 03 00 
>000009e4: 40 04 19 00 
>000009e8: 44 06 FF FF 00 00 
>000009ee: 35 02 
>000009f0: 42 03 00 
>000009f3: 39 02 
>000009f5: 43 04 F4 07 
>000009f9: 2F 02 
>000009fe: 17 02 
>00000a00: 15 02 
>000009fb: 16 03 00 
>00000a02: 29 02 
        endif;
>00000a04: 29 02 

      enddate;
>00000a06: 29 02 

      text
        help   = STRING_TOKEN(STR_SAVE_CURRENT_AND_EXIT),
        text   = STRING_TOKEN(STR_SAVE_CURRENT_AND_EXIT),
        flags  = INTERACTIVE,
>00000a08: 0C 8F 59 00 59 00 41 12 00 00 FF FF 04 00 00 
        key    = 0x1241;
>00000a17: 29 02 

      text
        help   = STRING_TOKEN(STR_DISCARD_CURRENT),
        text   = STRING_TOKEN(STR_DISCARD_CURRENT),
        flags  = INTERACTIVE,
>00000a19: 0C 8F 56 00 56 00 42 12 00 00 FF FF 04 00 00 
        key    = 0x1242;
>00000a28: 29 02 

      time
>00000a2a: 1B 8E 4E 00 4F 00 1A 00 00 00 FF FF 00 10 
        prompt  = STRING_TOKEN(STR_TIME_PROMPT),
        help    = STRING_TOKEN(STR_TIME_HELP),
        flags   = STORAGE_TIME,
      endtime;
>00000a38: 29 02 

      time
>00000a3a: 1B 8E 4E 00 4E 00 1B 00 34 12 C7 00 00 04 
            name    = MyTime,
            varid   = MyIfrNVData.Time,
            prompt  = STRING_TOKEN(STR_TIME_PROMPT),
            help    = STRING_TOKEN(STR_TIME_PROMPT),
            flags   = STORAGE_NORMAL | SECOND_SUPPRESS,
            default = 15:33:33,
>00000a48: 5B 08 00 00 05 0F 21 21 
      endtime;
>00000a50: 29 02 

      checkbox varid   = MyIfrNVData.ChooseToActivateNuclearWeaponry,
>00000a52: 06 8E 2F 00 30 00 1C 00 34 12 5C 00 00 01 
              prompt   = STRING_TOKEN(STR_CHECK_BOX_PROMPT),
              help     = STRING_TOKEN(STR_CHECK_BOX_HELP),
              flags    = CHECKBOX_DEFAULT,
      endcheckbox;
>00000a60: 29 02 

      text
>00000a62: 03 08 4A 00 50 00 00 00 
        help = STRING_TOKEN(STR_TEXT_HELP),
        text = STRING_TOKEN(STR_TEXT_TEXT_1);

      text
>00000a6a: 03 08 4A 00 50 00 4B 00 
        help   = STRING_TOKEN(STR_TEXT_HELP),
        text   = STRING_TOKEN(STR_TEXT_TEXT_1),
        text   = STRING_TOKEN(STR_TEXT_TEXT_2);

      goto 1,
>00000a72: 0F 0F 3A 00 51 00 1D 00 00 00 FF FF 00 01 00 
        prompt = STRING_TOKEN(STR_GOTO_FORM1), //MainSetupPage  // this too has no end-op and basically it's a jump to a form ONLY
        help   = STRING_TOKEN(STR_GOTO_HELP);

    goto
>00000a81: 0F 8D 43 00 45 00 48 12 34 12 7F 00 04 
      varid   = MyIfrNVData.RefData,
      prompt  = STRING_TOKEN(STR_GOTO_DYNAMIC3),
      help    = STRING_TOKEN(STR_GOTO_DYNAMIC3_HELP),
      flags   = INTERACTIVE,
      key     = 0x1248,
      //
>00000aa9: 29 02 
      // Set the defult value, format is QuestionId; FormId; FormsetGuid; Device Path String Token
      //
      default = 0;0;ZERO_GUID;STRING_TOKEN(STR_NULL_STRING),
>00000a8e: 5B 1B 00 00 0C 00 00 00 00 00 00 00 00 00 00 00 00 00 00 00 00 00 00 00 00 5A 00 
    ;                                                         // goto opcode end flag.

    goto
>00000aab: 0F 0D 44 00 46 00 49 12 00 00 FF FF 04 
      prompt  = STRING_TOKEN(STR_GOTO_DYNAMIC4),
      help    = STRING_TOKEN(STR_GOTO_DYNAMIC4_HELP),
      flags   = INTERACTIVE,
      key     = 0x1249;

    endform;
>00000ab8: 29 02 
  endif;
>00000aba: 29 02 

  form formid = 3, title = STRING_TOKEN(STR_FORM3_TITLE);  // note formid is a variable (for readability) (UINT16) - also added Form to the line to signify the Op-Code
>00000abc: 01 86 03 00 17 00 

    suppressif  ideqval MyEfiVar.Field8 == 111;
>00000ac2: 0A 82 
>00000ac4: 12 06 11 11 6F 00 
      text
>00000aca: 03 08 4A 00 50 00 00 00 
        help = STRING_TOKEN(STR_TEXT_HELP),
        text = STRING_TOKEN(STR_TEXT_TEXT_1);
    endif;
>00000ad2: 29 02 

    goto 1,
>00000ad4: 0F 0F 3A 00 51 00 1E 00 00 00 FF FF 00 01 00 
      prompt = STRING_TOKEN(STR_GOTO_FORM1), //MainSetupPage
      help   = STRING_TOKEN(STR_GOTO_HELP);

    numeric varid   = MyIfrNVData.DynamicRefresh,
>00000ae3: 07 A6 33 00 35 00 78 56 34 12 77 00 04 10 00 00 00 00 00 00 00 00 FF 00 00 00 00 00 00 00 00 00 00 00 00 00 00 00 
            prompt  = STRING_TOKEN(STR_NUMERIC_MANUAL_PROMPT),
            help    = STRING_TOKEN(STR_NUMERIC_HELP0),
            flags   = INTERACTIVE,
            key     = 0x5678,
            minimum = 0,
            maximum = 0xff,
            step    = 0,
            default = 0,
>00000b09: 5B 06 00 00 00 00 
            refresh interval = 3             // Refresh interval in seconds
>00000b0f: 1D 03 03 
    endnumeric;
>00000b12: 29 02 

    grayoutif  match2 (stringref(STRING_TOKEN(STR_PATTERN)), stringref(STRING_TOKEN(STR_STRING)), PERL_GUID);
>00000b14: 19 82 
>00000b16: 4E 84 B0 00 
>00000b1a: 4E 04 AF 00 
>00000b1e: 64 12 51 0A E6 63 7D 49 27 D4 C4 A5 B8 AB DC 3A AE B6 
>00000b30: 29 02 
      numeric
>00000b32: 07 A6 AD 00 AE 00 1F 00 34 12 CB 00 00 10 00 00 00 00 00 00 00 00 F3 00 00 00 00 00 00 00 00 00 00 00 00 00 00 00 
        varid   = MyIfrNVData.Match2,
        prompt  = STRING_TOKEN(STR_MATCH2_PROMPT),
        help    = STRING_TOKEN(STR_MATCH2_HELP),
        minimum = 0,
        maximum = 243,
      endnumeric;
>00000b58: 29 02 
    endif;
>00000b5a: 29 02 

    label LABEL_UPDATE2;
>00000b5c: 5F 15 35 17 0B 0F A0 87 93 41 B2 66 53 8C 38 AF 48 CE 00 34 22 
    label LABEL_END;
>00000b71: 5F 15 35 17 0B 0F A0 87 93 41 B2 66 53 8C 38 AF 48 CE 00 23 22 

  endform;
>00000b86: 29 02 

  formmap formid = 4,
>00000b88: 5D A8 04 00 95 00 F4 27 4A A0 00 DF 42 4D B5 52 39 51 13 02 11 3D 96 00 EC F4 D2 3B 24 E5 E4 46 A9 D8 51 01 17 42 55 62 
    maptitle = STRING_TOKEN(STR_SAMPL_MAP_METHOD);
    mapguid  = DRIVER_SAMPLE_FORMSET_GUID;
    maptitle = STRING_TOKEN(STR_STANDARD_MAP_METHOD);
    mapguid  = EFI_HII_STANDARD_FORM_GUID;

    oneof varid = MyIfrNVData.SerialPortNo,
>00000bb0: 05 A6 97 00 26 00 20 00 34 12 C0 00 00 10 00 00 00 00 00 00 00 00 04 00 00 00 00 00 00 00 00 00 00 00 00 00 00 00 
      prompt  = STRING_TOKEN(STR_SERIAL_PORT),
      help    = STRING_TOKEN(STR_ONE_OF_HELP),

      read    cond (get(MyIfrNVData.SerialPortStatus) != 0 ? 0 : cond ((get(MyIfrNVData.SerialPortIo) & 0xF00) >> 0x8 == get(MyIfrNVData.SerialPortIrq) - 1 ? UNDEFINED : map (get(MyIfrNVData.SerialPortIo) : 0x3f8,1; 0x2F8,2; 0x3E8,3; 0x2E8,4;)));
>00000bd6: 2D 02 
>00000bd8: 2B 87 34 12 C1 00 00 
>00000bdf: 45 0A 00 00 00 00 00 00 00 00 
>00000be9: 30 02 
>00000beb: 45 0A 00 00 00 00 00 00 00 00 
>00000bf5: 2B 07 34 12 C2 00 01 
>00000bfc: 45 0A 00 0F 00 00 00 00 00 00 
>00000c06: 35 02 
>00000c08: 45 0A 08 00 00 00 00 00 00 00 
>00000c12: 39 02 
>00000c14: 2B 07 34 12 C4 00 00 
>00000c1b: 45 0A 01 00 00 00 00 00 00 00 
>00000c25: 3B 02 
>00000c27: 2F 02 
>00000c29: 55 02 
>00000c2b: 2B 07 34 12 C2 00 01 
>00000c32: 22 82 
>00000c34: 45 0A F8 03 00 00 00 00 00 00 
>00000c3e: 45 0A 01 00 00 00 00 00 00 00 
>00000c48: 45 0A F8 02 00 00 00 00 00 00 
>00000c52: 45 0A 02 00 00 00 00 00 00 00 
>00000c5c: 45 0A E8 03 00 00 00 00 00 00 
>00000c66: 45 0A 03 00 00 00 00 00 00 00 
>00000c70: 45 0A E8 02 00 00 00 00 00 00 
>00000c7a: 45 0A 04 00 00 00 00 00 00 00 
>00000c84: 29 02 
>00000c86: 50 02 
>00000c88: 50 02 
>00000c8a: 29 02 
      write   set(MyIfrNVData.SerialPortStatus, pushthis != 0) AND set(MyIfrNVData.SerialPortIo, map (pushthis : 1,0x3F8; 2,0x2F8; 3,0x3E8; 4,0x2E8;)) AND set (MyIfrNVData.SerialPortIrq, map (pushthis: 1,4; 2,3; 3,4; 4,3;));
>00000c8c: 2E 02 
>00000c8e: 58 82 
>00000c90: 45 0A 00 00 00 00 00 00 00 00 
>00000c9a: 30 02 
>00000c9c: 2C 07 34 12 C1 00 00 
>00000ca3: 58 02 
>00000ca5: 22 82 
>00000ca7: 45 0A 01 00 00 00 00 00 00 00 
>00000cb1: 45 0A F8 03 00 00 00 00 00 00 
>00000cbb: 45 0A 02 00 00 00 00 00 00 00 
>00000cc5: 45 0A F8 02 00 00 00 00 00 00 
>00000ccf: 45 0A 03 00 00 00 00 00 00 00 
>00000cd9: 45 0A E8 03 00 00 00 00 00 00 
>00000ce3: 45 0A 04 00 00 00 00 00 00 00 
>00000ced: 45 0A E8 02 00 00 00 00 00 00 
>00000cf7: 29 02 
>00000cf9: 2C 07 34 12 C2 00 01 
>00000d00: 15 02 
>00000d02: 58 02 
>00000d04: 22 82 
>00000d06: 45 0A 01 00 00 00 00 00 00 00 
>00000d10: 45 0A 04 00 00 00 00 00 00 00 
>00000d1a: 45 0A 02 00 00 00 00 00 00 00 
>00000d24: 45 0A 03 00 00 00 00 00 00 00 
>00000d2e: 45 0A 03 00 00 00 00 00 00 00 
>00000d38: 45 0A 04 00 00 00 00 00 00 00 
>00000d42: 45 0A 04 00 00 00 00 00 00 00 
>00000d4c: 45 0A 03 00 00 00 00 00 00 00 
>00000d56: 29 02 
>00000d58: 2C 07 34 12 C4 00 00 
>00000d5f: 15 02 
>00000d61: 29 02 

      option text = STRING_TOKEN(STR_SERIAL_PORT_DISABLE), value = 0x0, flags = DEFAULT;
>00000d63: 09 07 98 00 10 00 00 
      option text = STRING_TOKEN(STR_SERIAL_PORT1), value = 0x1, flags = 0;
>00000d6a: 09 07 99 00 00 00 01 
      option text = STRING_TOKEN(STR_SERIAL_PORT2), value = 0x2, flags = 0;
>00000d71: 09 07 9A 00 00 00 02 
      option text = STRING_TOKEN(STR_SERIAL_PORT3), value = 0x3, flags = 0;
>00000d78: 09 07 9B 00 00 00 03 
      option text = STRING_TOKEN(STR_SERIAL_PORT4), value = 0x4, flags = 0;
>00000d7f: 09 07 9C 00 00 00 04 
    endoneof;
>00000d86: 29 02 

    grayoutif TRUE;
>00000d88: 19 82 
>00000d8a: 46 02 
      checkbox varid = MyIfrNVData.SerialPortStatus,
>00000d8c: 06 8E 9D 00 30 00 21 00 34 12 C1 00 00 00 
        prompt   = STRING_TOKEN(STR_SERIAL_PORT_STATUS),
        help     = STRING_TOKEN(STR_CHECK_BOX_HELP),
      endcheckbox;
>00000d9a: 29 02 
    endif;
>00000d9c: 29 02 

    grayoutif TRUE;
>00000d9e: 19 82 
>00000da0: 46 02 
      suppressif ideqval MyIfrNVData.SerialPortStatus == 0;
>00000da2: 0A 82 
>00000da4: 12 06 21 00 00 00 
        oneof varid = MyIfrNVData.SerialPortIo,
>00000daa: 05 A6 9E 00 26 00 22 00 34 12 C2 00 00 11 E8 02 00 00 00 00 00 00 F8 03 00 00 00 00 00 00 00 00 00 00 00 00 00 00 
          prompt  = STRING_TOKEN(STR_SERIAL_PORT_IO_ADDRESS),
          help    = STRING_TOKEN(STR_ONE_OF_HELP),

          option text = STRING_TOKEN(STR_SERIAL_PORT1_IOADDR), value = 0x3F8, flags = DEFAULT;
>00000dd0: 09 08 A0 00 11 01 F8 03 
          option text = STRING_TOKEN(STR_SERIAL_PORT2_IOADDR), value = 0x2F8, flags = 0;
>00000dd8: 09 08 A1 00 01 01 F8 02 
          option text = STRING_TOKEN(STR_SERIAL_PORT3_IOADDR), value = 0x3E8, flags = 0;
>00000de0: 09 08 A2 00 01 01 E8 03 
          option text = STRING_TOKEN(STR_SERIAL_PORT4_IOADDR), value = 0x2E8, flags = 0;
>00000de8: 09 08 A3 00 01 01 E8 02 
        endoneof;
>00000df0: 29 02 
      endif;
>00000df2: 29 02 
    endif;
>00000df4: 29 02 

    grayoutif TRUE;
>00000df6: 19 82 
>00000df8: 46 02 
      suppressif ideqval MyIfrNVData.SerialPortStatus == 0;
>00000dfa: 0A 82 
>00000dfc: 12 06 21 00 00 00 
        oneof varid = MyIfrNVData.SerialPortIrq,
>00000e02: 05 A6 9F 00 26 00 23 00 34 12 C4 00 00 10 03 00 00 00 00 00 00 00 04 00 00 00 00 00 00 00 00 00 00 00 00 00 00 00 
          prompt  = STRING_TOKEN(STR_SERIAL_PORT_IRQ),
          help    = STRING_TOKEN(STR_ONE_OF_HELP),

          option text = STRING_TOKEN(STR_SERIAL_PORT13_IRQ), value = 0x4, flags = DEFAULT;
>00000e28: 09 07 A4 00 10 00 04 
          option text = STRING_TOKEN(STR_SERIAL_PORT24_IRQ), value = 0x3, flags = 0;
>00000e2f: 09 07 A5 00 00 00 03 
        endoneof;
>00000e36: 29 02 
      endif;
>00000e38: 29 02 
    endif;
>00000e3a: 29 02 

    goto 1,
>00000e3c: 0F 0F 3A 00 51 00 24 00 00 00 FF FF 00 01 00 
      prompt = STRING_TOKEN(STR_GOTO_FORM1), //MainSetupPage
      help   = STRING_TOKEN(STR_GOTO_HELP);

  endform;
>00000e4b: 29 02 

  form formid = 5,            // Modal form
>00000e4d: 01 86 05 00 66 00 
       title = STRING_TOKEN(STR_MODAL_FORM_TITLE);
    //
    //  This form is a modal form.
    //
    modal;
>00000e53: 61 02 
    text
      help   = STRING_TOKEN(STR_EXIT_TEXT),
      text   = STRING_TOKEN(STR_EXIT_TEXT),
      flags  = INTERACTIVE,   // VfrCompiler will generate opcode EFI_IFR_ACTION for Text marked as INTERACTIVE
>00000e55: 0C 8F 54 00 54 00 45 12 00 00 FF FF 04 00 00 
      key    = 0x1245;
>00000e64: 29 02 

    text
      help   = STRING_TOKEN(STR_SAVE_TEXT),
      text   = STRING_TOKEN(STR_SAVE_TEXT),
      flags  = INTERACTIVE,   // VfrCompiler will generate opcode EFI_IFR_ACTION for Text marked as INTERACTIVE
>00000e66: 0C 8F 55 00 55 00 46 12 00 00 FF FF 04 00 00 
      key    = 0x1246;
>00000e75: 29 02 
  endform;
>00000e77: 29 02 

  form formid = 6,            // Form to show the refresh guid group op-code
>00000e79: 01 86 06 00 18 00 
       title = STRING_TOKEN(STR_FORM6_TITLE);

    text
>00000e7f: 03 08 64 00 64 00 00 00 
      help   = STRING_TOKEN(STR_TEXT_REFRESH_GUID),
      text   = STRING_TOKEN(STR_TEXT_REFRESH_GUID);

    numeric varid   = MyIfrNVData.RefreshGuidCount,
>00000e87: 07 A6 65 00 35 00 47 12 34 12 CA 00 04 10 00 00 00 00 00 00 00 00 FF 00 00 00 00 00 00 00 00 00 00 00 00 00 00 00 
            prompt  = STRING_TOKEN(STR_TEXT_REFRESH_GUID_COUNT),
            help    = STRING_TOKEN(STR_NUMERIC_HELP0),
            flags   = INTERACTIVE,
            key     = 0x1247,
            minimum = 0,
            maximum = 0xff,
            step    = 0,
            default = 0,
>00000ead: 5B 06 00 00 00 00 
            refreshguid = EFI_IFR_REFRESH_ID_OP_GUID,
>00000eb3: 62 12 D9 55 E6 F5 A6 02 F2 46 9E 76 B8 BE 8E 60 AB 22 
    endnumeric;
>00000ec5: 29 02 

    label LABEL_UPDATE3;
>00000ec7: 5F 15 35 17 0B 0F A0 87 93 41 B2 66 53 8C 38 AF 48 CE 00 34 32 
    label LABEL_END;
>00000edc: 5F 15 35 17 0B 0F A0 87 93 41 B2 66 53 8C 38 AF 48 CE 00 23 22 

  endform;
>00000ef1: 29 02 

  form formid = 0x1234,            // Dynamically created page,
>00000ef3: 01 86 34 12 19 00 
       title = STRING_TOKEN(STR_DYNAMIC_TITLE);  // note formid is a variable (for readability) (UINT16) - also added Form to the line to signify the Op-Code

    label LABEL_UPDATE1;
>00000ef9: 5F 15 35 17 0B 0F A0 87 93 41 B2 66 53 8C 38 AF 48 CE 00 34 12 
    //
    // This is where we will insert dynamic created opcodes
    //
    label LABEL_END;
>00000f0e: 5F 15 35 17 0B 0F A0 87 93 41 B2 66 53 8C 38 AF 48 CE 00 23 22 

  endform;
>00000f23: 29 02 


  form formid = 7,                          // Form to show the question refer to union and bit Varstore
>00000f25: 01 86 07 00 73 00 
    title = STRING_TOKEN(STR_FORM7_TITLE);

    subtitle text = STRING_TOKEN(STR_NEST_BIT_EFI_VARSTORE);
>00000f2b: 02 87 76 00 00 00 00 
>00000f32: 29 02 

    checkbox varid   = MyEfiBitVar.BitsData.NestBitCheckbox,
>00000f34: 5F 92 8B D6 DD 82 63 91 87 41 9B 27 20 A8 FD 60 A7 1D 
>00000f46: 06 8E 7B 00 7C 00 25 00 02 00 11 00 00 01 
             prompt   = STRING_TOKEN(STR_BIT_NEST_CHECK_BOX_PROMPT),
             help     = STRING_TOKEN(STR_BIT_NEST_CHECK_BOX_HELP),
             flags    = CHECKBOX_DEFAULT,
    endcheckbox;
>00000f54: 29 02 
>00000f56: 29 02 

    oneof varid  = MyEfiBitVar.BitsData.NestBitOneof,
>00000f58: 5F 92 8B D6 DD 82 63 91 87 41 9B 27 20 A8 FD 60 A7 1D 
>00000f6a: 05 A6 7D 00 7E 00 26 00 02 00 12 00 00 42 00 00 00 00 00 00 00 00 01 00 00 00 00 00 00 00 00 00 00 00 00 00 00 00 
      prompt      = STRING_TOKEN(STR_ONE_OF_BIT_NEST_PROMPT),
      help        = STRING_TOKEN(STR_ONE_OF_BIT_NEST_HELP),
      option text = STRING_TOKEN(STR_BOOT_ORDER1), value = 0, flags = MANUFACTURING;
>00000f90: 09 0A 2D 00 20 02 00 00 00 00 
      option text = STRING_TOKEN(STR_BOOT_ORDER2), value = 1, flags = DEFAULT;
>00000f9a: 09 0A 2E 00 10 02 01 00 00 00 
    endoneof;
>00000fa4: 29 02 
>00000fa6: 29 02 

    numeric varid   = MyEfiBitVar.BitsData.NestBitNumeric,
>00000fa8: 5F 92 8B D6 DD 82 63 91 87 41 9B 27 20 A8 FD 60 A7 1D 
>00000fba: 07 A6 7F 00 83 00 66 66 02 00 18 00 04 84 02 00 00 00 00 00 00 00 0F 00 00 00 00 00 00 00 01 00 00 00 00 00 00 00 
            questionid = 0x6666,
            prompt  = STRING_TOKEN(STR_BIT_NEST_NUMERIC_PROMPT),
            help    = STRING_TOKEN(STR_BIT_NEST_NUMERIC_DEFAULT_HELP),
            flags   = DISPLAY_UINT_HEX | INTERACTIVE,
            minimum = 2,
            maximum = 15,
            step    = 1,
    endnumeric;
>00000fe0: 29 02 
>00000fe2: 29 02 

    oneof varid  = MyEfiBitVar.BitsData.NestByteField,
>00000fe4: 05 A6 81 00 82 00 27 00 02 00 00 00 00 11 00 00 00 00 00 00 00 00 01 00 00 00 00 00 00 00 00 00 00 00 00 00 00 00 
      prompt      = STRING_TOKEN(BYTE_QUESTION_NEST_BIT_PROMPT),
      help        = STRING_TOKEN(BYTE_QUESTION_NEST_BIT_HELP),
      option text = STRING_TOKEN(STR_BOOT_ORDER1), value = 0, flags = MANUFACTURING;
>0000100a: 09 08 2D 00 21 01 00 00 
      option text = STRING_TOKEN(STR_BOOT_ORDER2), value = 1, flags = DEFAULT;
>00001012: 09 08 2E 00 11 01 01 00 
    endoneof;
>0000101a: 29 02 

    subtitle text = STRING_TOKEN(STR_SUBTITLE_TEXT2);
>0000101c: 02 87 1B 00 00 00 00 
>00001023: 29 02 
    subtitle text = STRING_TOKEN(STR_BIT_EFI_VARSTORE);
>00001025: 02 87 77 00 00 00 00 
>0000102c: 29 02 

    checkbox varid   = MyEfiBitVar.EfiBitCheckbox,
>0000102e: 5F 92 8B D6 DD 82 63 91 87 41 9B 27 20 A8 FD 60 A7 1D 
>00001040: 06 8E 84 00 85 00 28 00 02 00 33 00 00 01 
      prompt   = STRING_TOKEN(STR_BIT_CHECK_BOX_PROMPT),
      help     = STRING_TOKEN(STR_BIT_CHECK_BOX_HELP),
      flags    = CHECKBOX_DEFAULT,
    endcheckbox;
>0000104e: 29 02 
>00001050: 29 02 

  grayoutif  ideqval MyEfiBitVar.EfiBitGrayoutTest == 0;
>00001052: 19 82 
>00001054: 12 06 32 00 00 00 
    numeric varid   = MyEfiBitVar.EfiBitNumeric,
>0000105a: 5F 92 8B D6 DD 82 63 91 87 41 9B 27 20 A8 FD 60 A7 1D 
>0000106c: 07 A6 88 00 89 00 29 00 02 00 25 00 00 44 00 00 00 00 00 00 00 00 07 00 00 00 00 00 00 00 00 00 00 00 00 00 00 00 
            prompt  = STRING_TOKEN(STR_BIT_NUMERIC_PROMPT),
            help    = STRING_TOKEN(STR_BIT_NUMERIC_HELP),
            minimum = 0,
            maximum = 7,
            step    = 0,
            default = 4, defaultstore = MyStandardDefault,
>00001092: 5B 09 00 00 02 04 00 00 00 
            default = 5, defaultstore = MyManufactureDefault,
>0000109b: 5B 09 01 00 02 05 00 00 00 
    endnumeric;
>000010a4: 29 02 
>000010a6: 29 02 
  endif;
>000010a8: 29 02 

      oneof varid  = MyEfiBitVar.EfiBitOneof,
>000010aa: 5F 92 8B D6 DD 82 63 91 87 41 9B 27 20 A8 FD 60 A7 1D 
>000010bc: 05 A6 86 00 87 00 99 99 02 00 29 00 00 4A 00 00 00 00 00 00 00 00 01 00 00 00 00 00 00 00 00 00 00 00 00 00 00 00 
      questionid = 0x9999,
      prompt      = STRING_TOKEN(STR_ONE_OF_BIT_PROMPT),
      help        = STRING_TOKEN(STR_ONE_OF_BIT_HELP),
      option text = STRING_TOKEN(STR_BOOT_ORDER1), value = 0x0, flags = MANUFACTURING;
>000010e2: 09 0A 2D 00 22 02 00 00 00 00 
      option text = STRING_TOKEN(STR_BOOT_ORDER2), value = 0x1, flags = DEFAULT;
>000010ec: 09 0A 2E 00 12 02 01 00 00 00 
    endoneof;
>000010f6: 29 02 
>000010f8: 29 02 

    subtitle text = STRING_TOKEN(STR_SUBTITLE_TEXT2);
>000010fa: 02 87 1B 00 00 00 00 
>00001101: 29 02 
    subtitle text = STRING_TOKEN(STR_NEST_BIT_VARSTORE);
>00001103: 02 87 78 00 00 00 00 
>0000110a: 29 02 
    checkbox varid   = MyIfrNVData.MyBitData.NestBitCheckbox,
>0000110c: 5F 92 8B D6 DD 82 63 91 87 41 9B 27 20 A8 FD 60 A7 1D 
>0000111e: 06 8E 7B 00 7C 00 2A 00 34 12 B1 06 00 01 
             prompt   = STRING_TOKEN(STR_BIT_NEST_CHECK_BOX_PROMPT),
             help     = STRING_TOKEN(STR_BIT_NEST_CHECK_BOX_HELP),
             flags    = CHECKBOX_DEFAULT,
    endcheckbox;
>0000112c: 29 02 
>0000112e: 29 02 

    oneof varid  = MyIfrNVData.MyBitData.NestBitOneof,
>00001130: 5F 92 8B D6 DD 82 63 91 87 41 9B 27 20 A8 FD 60 A7 1D 
>00001142: 05 A6 7D 00 7E 00 2B 00 34 12 B2 06 00 42 00 00 00 00 00 00 00 00 01 00 00 00 00 00 00 00 00 00 00 00 00 00 00 00 
      prompt      = STRING_TOKEN(STR_ONE_OF_BIT_NEST_PROMPT),
      help        = STRING_TOKEN(STR_ONE_OF_BIT_NEST_HELP),
      option text = STRING_TOKEN(STR_BOOT_ORDER1), value = 0, flags = MANUFACTURING;
>00001168: 09 0A 2D 00 20 02 00 00 00 00 
      option text = STRING_TOKEN(STR_BOOT_ORDER2), value = 1, flags = DEFAULT;
>00001172: 09 0A 2E 00 10 02 01 00 00 00 
    endoneof;
>0000117c: 29 02 
>0000117e: 29 02 

    numeric varid   = MyIfrNVData.MyBitData.NestBitNumeric,
>00001180: 5F 92 8B D6 DD 82 63 91 87 41 9B 27 20 A8 FD 60 A7 1D 
>00001192: 07 A6 7F 00 80 00 2C 00 34 12 B8 06 00 44 00 00 00 00 00 00 00 00 07 00 00 00 00 00 00 00 00 00 00 00 00 00 00 00 
            prompt  = STRING_TOKEN(STR_BIT_NEST_NUMERIC_PROMPT),
            help    = STRING_TOKEN(STR_BIT_NEST_NUMERIC_HELP),
            minimum = 0,
            maximum = 7,
            step    = 0,
            default = 6, defaultstore = MyStandardDefault,
>000011b8: 5B 06 00 00 02 06 
            default = 7, defaultstore = MyManufactureDefault,
>000011be: 5B 06 01 00 02 07 
    endnumeric;
>000011c4: 29 02 
>000011c6: 29 02 

    oneof varid  = MyIfrNVData.MyBitData.NestByteField,
>000011c8: 05 A6 81 00 82 00 2D 00 34 12 D4 00 00 11 00 00 00 00 00 00 00 00 01 00 00 00 00 00 00 00 00 00 00 00 00 00 00 00 
      prompt      = STRING_TOKEN(BYTE_QUESTION_NEST_BIT_PROMPT),
      help        = STRING_TOKEN(BYTE_QUESTION_NEST_BIT_HELP),
      option text = STRING_TOKEN(STR_BOOT_ORDER1), value = 0, flags = MANUFACTURING;
>000011ee: 09 08 2D 00 21 01 00 00 
      option text = STRING_TOKEN(STR_BOOT_ORDER2), value = 1, flags = DEFAULT;
>000011f6: 09 08 2E 00 11 01 01 00 
    endoneof;
>000011fe: 29 02 

    subtitle text = STRING_TOKEN(STR_SUBTITLE_TEXT2);
>00001200: 02 87 1B 00 00 00 00 
>00001207: 29 02 
    subtitle text = STRING_TOKEN(STR_BIT_VARSTORE);
>00001209: 02 87 79 00 00 00 00 
>00001210: 29 02 

    oneof varid  = MyIfrNVData.BitOneof,
>00001212: 5F 92 8B D6 DD 82 63 91 87 41 9B 27 20 A8 FD 60 A7 1D 
>00001224: 05 A6 86 00 87 00 2E 00 34 12 80 06 00 46 00 00 00 00 00 00 00 00 01 00 00 00 00 00 00 00 00 00 00 00 00 00 00 00 
      prompt      = STRING_TOKEN(STR_ONE_OF_BIT_PROMPT),
      help        = STRING_TOKEN(STR_ONE_OF_BIT_HELP),
      option text = STRING_TOKEN(STR_BOOT_ORDER1), value = 0, flags = MANUFACTURING;
>0000124a: 09 0A 2D 00 21 02 00 00 00 00 
      option text = STRING_TOKEN(STR_BOOT_ORDER2), value = 1, flags = DEFAULT;
>00001254: 09 0A 2E 00 11 02 01 00 00 00 
    endoneof;
>0000125e: 29 02 
>00001260: 29 02 

    checkbox varid   = MyIfrNVData.BitCheckbox,
>00001262: 5F 92 8B D6 DD 82 63 91 87 41 9B 27 20 A8 FD 60 A7 1D 
>00001274: 06 8E 84 00 85 00 2F 00 34 12 78 06 00 01 
             prompt   = STRING_TOKEN(STR_BIT_CHECK_BOX_PROMPT),
             help     = STRING_TOKEN(STR_BIT_CHECK_BOX_HELP),
             flags    = CHECKBOX_DEFAULT,
    endcheckbox;
>00001282: 29 02 
>00001284: 29 02 

    numeric varid   = MyIfrNVData.BitNumeric,
>00001286: 5F 92 8B D6 DD 82 63 91 87 41 9B 27 20 A8 FD 60 A7 1D 
>00001298: 07 A6 88 00 8A 00 30 00 34 12 90 06 00 4C 00 00 00 00 00 00 00 00 14 00 00 00 00 00 00 00 00 00 00 00 00 00 00 00 
            prompt  = STRING_TOKEN(STR_BIT_NUMERIC_PROMPT),
            help    = STRING_TOKEN(STR_BUFFER_BIT_NUMERIC_HELP),
            minimum = 0,
            maximum = 20,
            step    = 0,
            default = 16, defaultstore = MyStandardDefault,
>000012be: 5B 07 00 00 02 10 00 
            default = 17, defaultstore = MyManufactureDefault,
>000012c5: 5B 07 01 00 02 11 00 
    endnumeric;
>000012cc: 29 02 
>000012ce: 29 02 

    subtitle text = STRING_TOKEN(STR_SUBTITLE_TEXT2);
>000012d0: 02 87 1B 00 00 00 00 
>000012d7: 29 02 
    subtitle text = STRING_TOKEN(STR_UNION_EFI_VARSTORE);
>000012d9: 02 87 7A 00 00 00 00 
>000012e0: 29 02 

    numeric varid   = MyEfiUnionVar.UnionNumeric,
>000012e2: 07 A6 8B 00 8C 00 31 00 03 00 00 00 00 10 00 00 00 00 00 00 00 00 14 00 00 00 00 00 00 00 00 00 00 00 00 00 00 00 
            prompt  = STRING_TOKEN(STR_UNION_BYTE_NUMERIC_PROMPT),
            help    = STRING_TOKEN(STR_UNION_BYTE_NUMERIC_HELP),
            minimum = 0,
            maximum = 20,
            step    = 0,
            default = 7, defaultstore = MyStandardDefault,
>00001308: 5B 06 00 00 00 07 
            default = 8, defaultstore = MyManufactureDefault,
>0000130e: 5B 06 01 00 00 08 
    endnumeric;
>00001314: 29 02 

    guidop
>00001316: 5F 9A F4 27 4A A0 00 DF 42 4D B5 52 39 51 13 02 11 3D 00 00 00 00 00 00 00 00 
      guid = DRIVER_SAMPLE_FORMSET_GUID,
      datatype = MY_EFI_BITS_VARSTORE_DATA,
        data.EfiBitNumeric  = 1,
        data.EfiBitOneof = 1,
        data.EfiBitCheckbox = 1,
    endguidop;
>00001330: 29 02 

  endform;

endformset;
>00001332: 1E 82 
>00001334: 46 02 
>00001336: 5F 92 8B D6 DD 82 63 91 87 41 9B 27 20 A8 FD 60 A7 1D 
>00001348: 07 9A 00 00 00 00 32 00 02 00 20 00 00 45 00 00 00 00 10 00 00 00 00 00 00 00 
>00001362: 29 02 
>00001364: 29 02 
>00001366: 29 02 
>00001368: 29 02 
//
//  All Opcode Record List
//
>00000000: 0E A7 F4 27 4A A0 00 DF 42 4D B5 52 39 51 13 02 11 3D 13 00 14 00 01 71 99 03 93 45 85 04 4B B4 5E 32 EB 83 26 04 0E 
>00000027: 5C 06 5B 00 00 00 
>0000002d: 5C 06 5D 00 01 00 
>00000033: 24 22 F4 27 4A A0 00 DF 42 4D B5 52 39 51 13 02 11 3D 34 12 DB 00 4D 79 49 66 72 4E 56 44 61 74 61 00 
>00000055: 26 23 01 00 F4 27 4A A0 00 DF 42 4D B5 52 39 51 13 02 11 3D 03 00 00 00 08 00 4D 79 45 66 69 56 61 72 00 
>00000078: 26 26 02 00 F4 27 4A A0 00 DF 42 4D B5 52 39 51 13 02 11 3D 03 00 00 00 08 00 4D 79 45 66 69 42 69 74 56 61 72 00 
>0000009e: 26 28 03 00 F4 27 4A A0 00 DF 42 4D B5 52 39 51 13 02 11 3D 03 00 00 00 01 00 4D 79 45 66 69 55 6E 69 6F 6E 56 61 72 00 
>000000c6: 25 14 04 00 F4 27 4A A0 00 DF 42 4D B5 52 39 51 13 02 11 3D 
>000000da: 01 86 01 00 15 00 
>000000e0: 02 87 1A 00 00 00 00 
>000000e7: 29 02 
>000000e9: 02 87 1B 00 00 00 00 
>000000f0: 29 02 
>000000f2: 03 08 1C 00 50 00 1D 00 
>000000fa: 0C 8F 54 00 54 00 37 12 00 00 FF FF 04 00 00 
>00000109: 29 02 
>0000010b: 0C 8F 55 00 55 00 38 12 00 00 FF FF 04 00 00 
>0000011a: 29 02 
>0000011c: 0C 8F 57 00 57 00 43 12 00 00 FF FF 04 00 00 
>0000012b: 29 02 
>0000012d: 0C 8F 58 00 58 00 44 12 00 00 FF FF 04 00 00 
>0000013c: 29 02 
>0000013e: 05 A6 1F 00 26 00 01 00 34 12 5D 00 00 10 00 00 00 00 00 00 00 00 02 00 00 00 00 00 00 00 00 00 00 00 00 00 00 00 
>00000164: 09 07 2A 00 00 00 00 
>0000016b: 09 07 2B 00 00 00 01 
>00000172: 09 07 2C 00 10 00 02 
>00000179: 29 02 
>0000017b: 05 A6 1F 00 26 00 02 00 34 12 76 00 00 10 00 00 00 00 00 00 00 00 01 00 00 00 00 00 00 00 00 00 00 00 00 00 00 00 
>000001a1: 5B 85 00 00 08 
>000001a6: 5A 82 
>000001a8: 58 82 
>000001aa: 45 0A 00 00 00 00 00 00 00 00 
>000001b4: 2F 02 
>000001b6: 45 0A 00 00 00 00 00 00 00 00 
>000001c0: 40 04 01 00 
>000001c4: 45 0A 04 00 00 00 00 00 00 00 
>000001ce: 39 02 
>000001d0: 45 0A 00 0F 00 00 00 00 00 00 
>000001da: 35 02 
>000001dc: 45 0A 00 00 00 00 00 00 00 00 
>000001e6: 45 0A 02 00 00 00 00 00 00 00 
>000001f0: 3A 02 
>000001f2: 2F 02 
>000001f4: 45 0A 00 00 00 00 00 00 00 00 
>000001fe: 45 0A 01 00 00 00 00 00 00 00 
>00000208: 50 02 
>0000020a: 50 02 
>0000020c: 29 02 
>0000020e: 29 02 
>00000210: 29 02 
>00000212: 09 07 2D 00 00 00 00 
>00000219: 09 07 2E 00 00 00 01 
>00000220: 29 02 
>00000222: 19 82 
>00000224: 12 06 01 00 01 00 
>0000022a: 0A 82 
>0000022c: 40 84 01 00 
>00000230: 45 0A 00 00 00 00 00 00 00 00 
>0000023a: 2F 02 
>0000023c: 29 02 
>0000023e: 06 8E 2F 00 30 00 03 00 34 12 5C 00 00 03 
>0000024c: 5B 06 00 00 00 01 
>00000252: 29 02 
>00000254: 29 02 
>00000256: 29 02 
>00000258: 0A 82 
>0000025a: 12 06 01 00 00 00 
>00000260: 5F 15 35 17 0B 0F A0 87 93 41 B2 66 53 8C 38 AF 48 CE 00 22 22 
>00000275: 23 8F 8D 00 5A 00 04 00 34 12 66 00 10 08 00 
>00000284: 09 08 8F 00 01 01 02 00 
>0000028c: 09 08 8E 00 01 01 01 00 
>00000294: 09 08 90 00 01 01 03 00 
>0000029c: 0A 82 
>0000029e: 12 06 02 00 00 00 
>000002a4: 09 08 91 00 01 01 04 00 
>000002ac: 29 02 
>000002ae: 29 02 
>000002b0: 5F 15 35 17 0B 0F A0 87 93 41 B2 66 53 8C 38 AF 48 CE 00 23 22 
>000002c5: 29 02 
>000002c7: 1E 82 
>000002c9: 12 06 01 00 02 00 
>000002cf: 23 8F 52 00 50 00 05 00 34 12 5E 00 10 08 00 
>000002de: 09 07 27 00 00 00 03 
>000002e5: 09 07 28 00 00 00 02 
>000002ec: 09 07 29 00 00 00 01 
>000002f3: 5B 08 00 00 0B 01 02 03 
>000002fb: 29 02 
>000002fd: 29 02 
>000002ff: 5F 15 35 17 0B 0F A0 87 93 41 B2 66 53 8C 38 AF 48 CE 00 64 00 
>00000314: 0F 0F 41 00 51 00 34 12 00 00 FF FF 04 34 12 
>00000323: 0F 0F 42 00 51 00 35 12 00 00 FF FF 04 34 12 
>00000332: 05 A6 52 00 26 00 06 00 34 12 59 00 10 10 00 00 00 00 00 00 00 00 01 00 00 00 00 00 00 00 00 00 00 00 00 00 00 00 
>00000358: 09 07 27 00 00 00 00 
>0000035f: 09 07 28 00 10 00 01 
>00000366: 63 85 AC 00 05 
>0000036b: 12 06 06 00 00 00 
>00000371: 29 02 
>00000373: 29 02 
>00000375: 05 A6 53 00 26 00 07 00 34 12 5A 00 10 10 00 00 00 00 00 00 00 00 01 00 00 00 00 00 00 00 00 00 00 00 00 00 00 00 
>0000039b: 09 07 27 00 10 00 00 
>000003a2: 09 07 28 00 00 00 01 
>000003a9: 11 84 47 00 
>000003ad: 13 06 06 00 07 00 
>000003b3: 29 02 
>000003b5: 29 02 
>000003b7: 05 A6 20 00 26 00 08 00 34 12 5B 00 10 10 00 00 00 00 00 00 00 00 03 00 00 00 00 00 00 00 00 00 00 00 00 00 00 00 
>000003dd: 09 07 27 00 00 00 00 
>000003e4: 09 07 28 00 10 00 01 
>000003eb: 09 07 29 00 00 00 03 
>000003f2: 29 02 
>000003f4: 05 A6 22 00 23 00 09 00 34 12 D9 00 30 10 00 00 00 00 00 00 00 00 03 00 00 00 00 00 00 00 00 00 00 00 00 00 00 00 
>0000041a: 09 07 27 00 00 00 00 
>00000421: 09 07 28 00 10 00 01 
>00000428: 09 07 29 00 00 00 03 
>0000042f: 29 02 
>00000431: 07 A6 24 00 25 00 0A 00 34 12 DA 00 30 10 00 00 00 00 00 00 00 00 F0 00 00 00 00 00 00 00 00 00 00 00 00 00 00 00 
>00000457: 5B 06 00 00 00 00 
>0000045d: 29 02 
>0000045f: 1C 90 48 00 49 00 36 12 34 12 00 00 04 06 28 00 
>0000046f: 11 84 63 00 
>00000473: 58 82 
>00000475: 4E 04 62 00 
>00000479: 30 02 
>0000047b: 29 02 
>0000047d: 29 02 
>0000047f: 29 02 
>00000481: 07 A6 32 00 35 00 0B 00 34 12 52 00 01 10 00 00 00 00 00 00 00 00 F0 00 00 00 00 00 00 00 00 00 00 00 00 00 00 00 
>000004a7: 5B 06 00 00 00 15 
>000004ad: 29 02 
>000004af: 07 A6 33 00 35 00 0C 00 34 12 52 00 00 10 00 00 00 00 00 00 00 00 F0 00 00 00 00 00 00 00 00 00 00 00 00 00 00 00 
>000004d5: 5B 85 00 00 08 
>000004da: 5A 82 
>000004dc: 45 8A 11 11 00 00 00 00 00 00 
>000004e6: 51 14 6D 00 F4 27 4A A0 00 DF 42 4D B5 52 39 51 13 02 11 3D 
>000004fa: 29 02 
>000004fc: 29 02 
>000004fe: 29 02 
>00000500: 11 84 47 00 
>00000504: 12 86 0C 00 63 00 
>0000050a: 13 06 0C 00 11 11 
>00000510: 16 03 00 
>00000513: 14 0E 0C 00 04 00 01 00 03 00 05 00 07 00 
>00000521: 16 03 00 
>00000524: 29 02 
>00000526: 29 02 
>00000528: 29 02 
>0000052a: 07 A6 34 00 36 00 11 11 01 00 00 00 04 20 00 00 00 00 00 00 00 00 FA 00 00 00 00 00 00 00 00 00 00 00 00 00 00 00 
>00000550: 5B 06 00 00 00 12 
>00000556: 5B 06 01 00 00 13 
>0000055c: 29 02 
>0000055e: 07 91 92 00 5F 00 0D 00 04 00 92 00 00 10 00 FF 00 
>0000056f: 0B 02 
>00000571: 5B 06 00 00 00 10 
>00000577: 5B 06 01 00 00 11 
>0000057d: 29 02 
>0000057f: 07 94 93 00 60 00 0E 00 04 00 93 00 00 11 00 00 FF FF 00 00 
>00000593: 5B 07 00 00 01 12 00 
>0000059a: 5B 07 01 00 01 13 00 
>000005a1: 29 02 
>000005a3: 1C 90 94 00 61 00 0F 00 04 00 94 00 00 02 14 00 
>000005b3: 29 02 
>000005b5: 05 A6 1F 00 1E 00 10 00 01 00 01 00 00 11 00 00 00 00 00 00 00 00 01 00 00 00 00 00 00 00 00 00 00 00 00 00 00 00 
>000005db: 09 08 2D 00 01 01 00 00 
>000005e3: 09 08 2E 00 11 01 01 00 
>000005eb: 29 02 
>000005ed: 5F 15 35 17 0B 0F A0 87 93 41 B2 66 53 8C 38 AF 48 CE 00 01 00 
>00000602: 5F 15 35 17 0B 0F A0 87 93 41 B2 66 53 8C 38 AF 48 CE 00 00 10 
>00000617: 19 82 
>00000619: 12 86 0C 00 17 00 
>0000061f: 12 06 01 00 01 00 
>00000625: 15 02 
>00000627: 29 02 
>00000629: 07 A6 31 00 37 00 11 00 34 12 55 00 00 10 00 00 00 00 00 00 00 00 F3 00 00 00 00 00 00 00 01 00 00 00 00 00 00 00 
>0000064f: 5B 06 00 00 00 12 
>00000655: 5B 06 01 00 00 13 
>0000065b: 29 02 
>0000065d: 29 02 
>0000065f: 07 A6 69 00 6A 00 39 12 34 12 C6 00 04 20 00 00 00 00 00 00 00 00 FF 00 00 00 00 00 00 00 01 00 00 00 00 00 00 00 
>00000685: 5B 06 00 00 00 12 
>0000068b: 29 02 
>0000068d: 07 A6 67 00 68 00 40 12 34 12 C5 00 04 20 00 00 00 00 00 00 00 00 FF 00 00 00 00 00 00 00 01 00 00 00 00 00 00 00 
>000006b3: 5B 06 00 00 00 12 
>000006b9: 29 02 
>000006bb: 23 8F 67 00 68 00 52 12 34 12 CC 00 04 03 00 
>000006ca: 09 07 27 00 00 00 01 
>000006d1: 09 07 28 00 00 00 02 
>000006d8: 09 07 29 00 00 00 03 
>000006df: 29 02 
>000006e1: 0D 88 5B 00 5C 00 00 00 
>000006e9: 29 02 
>000006eb: 0D 88 5D 00 5E 00 01 00 
>000006f3: 29 02 
>000006f5: 19 82 
>000006f7: 60 92 07 56 B7 85 CE F7 1E 47 B7 E4 2A EA 5F 72 32 EE 
>00000709: 17 02 
>0000070b: 29 02 
>0000070d: 03 08 38 00 39 00 00 00 
>00000715: 29 02 
>00000717: 07 A6 6E 00 6F 00 50 12 01 00 06 00 04 11 00 00 00 00 00 00 00 00 FF 00 00 00 00 00 00 00 00 00 00 00 00 00 00 00 
>0000073d: 5B 07 00 00 01 12 00 
>00000744: 29 02 
>00000746: 0C 8F 70 00 71 00 30 13 00 00 FF FF 04 00 00 
>00000755: 29 02 
>00000757: 0F 0F 3B 00 51 00 12 00 00 00 FF FF 00 02 00 
>00000766: 0F 0F 3C 00 51 00 13 00 00 00 FF FF 00 03 00 
>00000775: 0F 0F 3D 00 51 00 14 00 00 00 FF FF 00 04 00 
>00000784: 0F 0F 3F 00 40 00 15 00 00 00 FF FF 00 05 00 
>00000793: 0F 0F 3E 00 51 00 16 00 00 00 FF FF 00 06 00 
>000007a2: 0F 21 6B 00 6C 00 17 00 00 00 FF FF 00 01 00 01 00 70 64 F5 B3 41 61 21 46 8F 19 70 4E 57 7A A9 E8 
>000007c3: 5F 9A F4 27 4A A0 00 DF 42 4D B5 52 39 51 13 02 11 3D 00 00 00 00 00 00 00 00 
>000007dd: 29 02 
>000007df: 0F 0F 74 00 75 00 18 00 00 00 FF FF 00 07 00 
>000007ee: 29 02 
>000007f2: 12 06 02 00 00 00 
>000007f8: 01 86 02 00 16 00 
>000007fe: 1A 8E 4C 00 4D 00 19 00 00 00 FF FF 00 10 
>0000080c: 5B 09 00 00 06 D4 07 01 01 
>00000815: 11 84 47 00 
>00000819: 40 84 19 00 
>0000081d: 44 06 00 00 00 FF 
>00000823: 35 02 
>00000825: 42 03 18 
>00000828: 39 02 
>0000082a: 42 03 1F 
>0000082d: 2F 02 
>0000082f: 40 04 19 00 
>00000833: 44 06 00 00 FF 00 
>00000839: 35 02 
>0000083b: 42 03 10 
>0000083e: 39 02 
>00000840: 42 03 02 
>00000843: 2F 02 
>00000845: 40 04 19 00 
>00000849: 44 06 00 00 FF 00 
>0000084f: 35 02 
>00000851: 42 03 10 
>00000854: 39 02 
>00000856: 42 03 04 
>00000859: 2F 02 
>0000085b: 16 03 00 
>0000085e: 40 04 19 00 
>00000862: 44 06 00 00 FF 00 
>00000868: 35 02 
>0000086a: 42 03 10 
>0000086d: 39 02 
>0000086f: 42 03 06 
>00000872: 2F 02 
>00000874: 16 03 00 
>00000877: 40 04 19 00 
>0000087b: 44 06 00 00 FF 00 
>00000881: 35 02 
>00000883: 42 03 10 
>00000886: 39 02 
>00000888: 42 03 09 
>0000088b: 2F 02 
>0000088d: 16 03 00 
>00000890: 40 04 19 00 
>00000894: 44 06 00 00 FF 00 
>0000089a: 35 02 
>0000089c: 42 03 10 
>0000089f: 39 02 
>000008a1: 42 03 0B 
>000008a4: 2F 02 
>000008a6: 16 03 00 
>000008a9: 15 02 
>000008ab: 29 02 
>000008ad: 29 02 
>000008af: 11 84 47 00 
>000008b3: 40 84 19 00 
>000008b7: 44 06 00 00 00 FF 
>000008bd: 35 02 
>000008bf: 42 03 18 
>000008c2: 39 02 
>000008c4: 42 03 1E 
>000008c7: 2F 02 
>000008c9: 40 04 19 00 
>000008cd: 44 06 00 00 FF 00 
>000008d3: 35 02 
>000008d5: 42 03 10 
>000008d8: 39 02 
>000008da: 42 03 02 
>000008dd: 2F 02 
>000008df: 15 02 
>000008e1: 29 02 
>000008e3: 29 02 
>000008e5: 11 84 47 00 
>000008e9: 40 84 19 00 
>000008ed: 44 06 00 00 00 FF 
>000008f3: 35 02 
>000008f5: 42 03 18 
>000008f8: 39 02 
>000008fa: 42 03 1D 
>000008fd: 2F 02 
>000008ff: 40 04 19 00 
>00000903: 44 06 00 00 FF 00 
>00000909: 35 02 
>0000090b: 42 03 10 
>0000090e: 39 02 
>00000910: 42 03 02 
>00000913: 2F 02 
>00000915: 15 02 
>00000917: 40 04 19 00 
>0000091b: 44 06 FF FF 00 00 
>00000921: 35 02 
>00000923: 42 03 00 
>00000926: 39 02 
>00000928: 43 04 D4 07 
>0000092c: 2F 02 
>0000092e: 40 04 19 00 
>00000932: 44 06 FF FF 00 00 
>00000938: 35 02 
>0000093a: 42 03 00 
>0000093d: 39 02 
>0000093f: 43 04 D8 07 
>00000943: 2F 02 
>00000945: 16 03 00 
>00000948: 40 04 19 00 
>0000094c: 44 06 FF FF 00 00 
>00000952: 35 02 
>00000954: 42 03 00 
>00000957: 39 02 
>00000959: 43 04 2C 4E 
>0000095d: 2F 02 
>0000095f: 16 03 00 
>00000962: 40 04 19 00 
>00000966: 44 06 FF FF 00 00 
>0000096c: 35 02 
>0000096e: 42 03 00 
>00000971: 39 02 
>00000973: 43 04 30 4E 
>00000977: 2F 02 
>00000979: 16 03 00 
>0000097c: 40 04 19 00 
>00000980: 44 06 FF FF 00 00 
>00000986: 35 02 
>00000988: 42 03 00 
>0000098b: 39 02 
>0000098d: 43 04 E4 07 
>00000991: 2F 02 
>00000993: 16 03 00 
>00000996: 40 04 19 00 
>0000099a: 44 06 FF FF 00 00 
>000009a0: 35 02 
>000009a2: 42 03 00 
>000009a5: 39 02 
>000009a7: 43 04 E8 07 
>000009ab: 2F 02 
>000009ad: 16 03 00 
>000009b0: 40 04 19 00 
>000009b4: 44 06 FF FF 00 00 
>000009ba: 35 02 
>000009bc: 42 03 00 
>000009bf: 39 02 
>000009c1: 43 04 EC 07 
>000009c5: 2F 02 
>000009c7: 16 03 00 
>000009ca: 40 04 19 00 
>000009ce: 44 06 FF FF 00 00 
>000009d4: 35 02 
>000009d6: 42 03 00 
>000009d9: 39 02 
>000009db: 43 04 F0 07 
>000009df: 2F 02 
>000009e1: 16 03 00 
>000009e4: 40 04 19 00 
>000009e8: 44 06 FF FF 00 00 
>000009ee: 35 02 
>000009f0: 42 03 00 
>000009f3: 39 02 
>000009f5: 43 04 F4 07 
>000009f9: 2F 02 
>000009fb: 16 03 00 
>000009fe: 17 02 
>00000a00: 15 02 
>00000a02: 29 02 
>00000a04: 29 02 
>00000a06: 29 02 
>00000a08: 0C 8F 59 00 59 00 41 12 00 00 FF FF 04 00 00 
>00000a17: 29 02 
>00000a19: 0C 8F 56 00 56 00 42 12 00 00 FF FF 04 00 00 
>00000a28: 29 02 
>00000a2a: 1B 8E 4E 00 4F 00 1A 00 00 00 FF FF 00 10 
>00000a38: 29 02 
>00000a3a: 1B 8E 4E 00 4E 00 1B 00 34 12 C7 00 00 04 
>00000a48: 5B 08 00 00 05 0F 21 21 
>00000a50: 29 02 
>00000a52: 06 8E 2F 00 30 00 1C 00 34 12 5C 00 00 01 
>00000a60: 29 02 
>00000a62: 03 08 4A 00 50 00 00 00 
>00000a6a: 03 08 4A 00 50 00 4B 00 
>00000a72: 0F 0F 3A 00 51 00 1D 00 00 00 FF FF 00 01 00 
>00000a81: 0F 8D 43 00 45 00 48 12 34 12 7F 00 04 
>00000a8e: 5B 1B 00 00 0C 00 00 00 00 00 00 00 00 00 00 00 00 00 00 00 00 00 00 00 00 5A 00 
>00000aa9: 29 02 
>00000aab: 0F 0D 44 00 46 00 49 12 00 00 FF FF 04 
>00000ab8: 29 02 
>00000aba: 29 02 
>00000abc: 01 86 03 00 17 00 
>00000ac2: 0A 82 
>00000ac4: 12 06 11 11 6F 00 
>00000aca: 03 08 4A 00 50 00 00 00 
>00000ad2: 29 02 
>00000ad4: 0F 0F 3A 00 51 00 1E 00 00 00 FF FF 00 01 00 
>00000ae3: 07 A6 33 00 35 00 78 56 34 12 77 00 04 10 00 00 00 00 00 00 00 00 FF 00 00 00 00 00 00 00 00 00 00 00 00 00 00 00 
>00000b09: 5B 06 00 00 00 00 
>00000b0f: 1D 03 03 
>00000b12: 29 02 
>00000b14: 19 82 
>00000b16: 4E 84 B0 00 
>00000b1a: 4E 04 AF 00 
>00000b1e: 64 12 51 0A E6 63 7D 49 27 D4 C4 A5 B8 AB DC 3A AE B6 
>00000b30: 29 02 
>00000b32: 07 A6 AD 00 AE 00 1F 00 34 12 CB 00 00 10 00 00 00 00 00 00 00 00 F3 00 00 00 00 00 00 00 00 00 00 00 00 00 00 00 
>00000b58: 29 02 
>00000b5a: 29 02 
>00000b5c: 5F 15 35 17 0B 0F A0 87 93 41 B2 66 53 8C 38 AF 48 CE 00 34 22 
>00000b71: 5F 15 35 17 0B 0F A0 87 93 41 B2 66 53 8C 38 AF 48 CE 00 23 22 
>00000b86: 29 02 
>00000b88: 5D A8 04 00 95 00 F4 27 4A A0 00 DF 42 4D B5 52 39 51 13 02 11 3D 96 00 EC F4 D2 3B 24 E5 E4 46 A9 D8 51 01 17 42 55 62 
>00000bb0: 05 A6 97 00 26 00 20 00 34 12 C0 00 00 10 00 00 00 00 00 00 00 00 04 00 00 00 00 00 00 00 00 00 00 00 00 00 00 00 
>00000bd6: 2D 02 
>00000bd8: 2B 87 34 12 C1 00 00 
>00000bdf: 45 0A 00 00 00 00 00 00 00 00 
>00000be9: 30 02 
>00000beb: 45 0A 00 00 00 00 00 00 00 00 
>00000bf5: 2B 07 34 12 C2 00 01 
>00000bfc: 45 0A 00 0F 00 00 00 00 00 00 
>00000c06: 35 02 
>00000c08: 45 0A 08 00 00 00 00 00 00 00 
>00000c12: 39 02 
>00000c14: 2B 07 34 12 C4 00 00 
>00000c1b: 45 0A 01 00 00 00 00 00 00 00 
>00000c25: 3B 02 
>00000c27: 2F 02 
>00000c29: 55 02 
>00000c2b: 2B 07 34 12 C2 00 01 
>00000c32: 22 82 
>00000c34: 45 0A F8 03 00 00 00 00 00 00 
>00000c3e: 45 0A 01 00 00 00 00 00 00 00 
>00000c48: 45 0A F8 02 00 00 00 00 00 00 
>00000c52: 45 0A 02 00 00 00 00 00 00 00 
>00000c5c: 45 0A E8 03 00 00 00 00 00 00 
>00000c66: 45 0A 03 00 00 00 00 00 00 00 
>00000c70: 45 0A E8 02 00 00 00 00 00 00 
>00000c7a: 45 0A 04 00 00 00 00 00 00 00 
>00000c84: 29 02 
>00000c86: 50 02 
>00000c88: 50 02 
>00000c8a: 29 02 
>00000c8c: 2E 02 
>00000c8e: 58 82 
>00000c90: 45 0A 00 00 00 00 00 00 00 00 
>00000c9a: 30 02 
>00000c9c: 2C 07 34 12 C1 00 00 
>00000ca3: 58 02 
>00000ca5: 22 82 
>00000ca7: 45 0A 01 00 00 00 00 00 00 00 
>00000cb1: 45 0A F8 03 00 00 00 00 00 00 
>00000cbb: 45 0A 02 00 00 00 00 00 00 00 
>00000cc5: 45 0A F8 02 00 00 00 00 00 00 
>00000ccf: 45 0A 03 00 00 00 00 00 00 00 
>00000cd9: 45 0A E8 03 00 00 00 00 00 00 
>00000ce3: 45 0A 04 00 00 00 00 00 00 00 
>00000ced: 45 0A E8 02 00 00 00 00 00 00 
>00000cf7: 29 02 
>00000cf9: 2C 07 34 12 C2 00 01 
>00000d00: 15 02 
>00000d02: 58 02 
>00000d04: 22 82 
>00000d06: 45 0A 01 00 00 00 00 00 00 00 
>00000d10: 45 0A 04 00 00 00 00 00 00 00 
>00000d1a: 45 0A 02 00 00 00 00 00 00 00 
>00000d24: 45 0A 03 00 00 00 00 00 00 00 
>00000d2e: 45 0A 03 00 00 00 00 00 00 00 
>00000d38: 45 0A 04 00 00 00 00 00 00 00 
>00000d42: 45 0A 04 00 00 00 00 00 00 00 
>00000d4c: 45 0A 03 00 00 00 00 00 00 00 
>00000d56: 29 02 
>00000d58: 2C 07 34 12 C4 00 00 
>00000d5f: 15 02 
>00000d61: 29 02 
>00000d63: 09 07 98 00 10 00 00 
>00000d6a: 09 07 99 00 00 00 01 
>00000d71: 09 07 9A 00 00 00 02 
>00000d78: 09 07 9B 00 00 00 03 
>00000d7f: 09 07 9C 00 00 00 04 
>00000d86: 29 02 
>00000d88: 19 82 
>00000d8a: 46 02 
>00000d8c: 06 8E 9D 00 30 00 21 00 34 12 C1 00 00 00 
>00000d9a: 29 02 
>00000d9c: 29 02 
>00000d9e: 19 82 
>00000da0: 46 02 
>00000da2: 0A 82 
>00000da4: 12 06 21 00 00 00 
>00000daa: 05 A6 9E 00 26 00 22 00 34 12 C2 00 00 11 E8 02 00 00 00 00 00 00 F8 03 00 00 00 00 00 00 00 00 00 00 00 00 00 00 
>00000dd0: 09 08 A0 00 11 01 F8 03 
>00000dd8: 09 08 A1 00 01 01 F8 02 
>00000de0: 09 08 A2 00 01 01 E8 03 
>00000de8: 09 08 A3 00 01 01 E8 02 
>00000df0: 29 02 
>00000df2: 29 02 
>00000df4: 29 02 
>00000df6: 19 82 
>00000df8: 46 02 
>00000dfa: 0A 82 
>00000dfc: 12 06 21 00 00 00 
>00000e02: 05 A6 9F 00 26 00 23 00 34 12 C4 00 00 10 03 00 00 00 00 00 00 00 04 00 00 00 00 00 00 00 00 00 00 00 00 00 00 00 
>00000e28: 09 07 A4 00 10 00 04 
>00000e2f: 09 07 A5 00 00 00 03 
>00000e36: 29 02 
>00000e38: 29 02 
>00000e3a: 29 02 
>00000e3c: 0F 0F 3A 00 51 00 24 00 00 00 FF FF 00 01 00 
>00000e4b: 29 02 
>00000e4d: 01 86 05 00 66 00 
>00000e53: 61 02 
>00000e55: 0C 8F 54 00 54 00 45 12 00 00 FF FF 04 00 00 
>00000e64: 29 02 
>00000e66: 0C 8F 55 00 55 00 46 12 00 00 FF FF 04 00 00 
>00000e75: 29 02 
>00000e77: 29 02 
>00000e79: 01 86 06 00 18 00 
>00000e7f: 03 08 64 00 64 00 00 00 
>00000e87: 07 A6 65 00 35 00 47 12 34 12 CA 00 04 10 00 00 00 00 00 00 00 00 FF 00 00 00 00 00 00 00 00 00 00 00 00 00 00 00 
>00000ead: 5B 06 00 00 00 00 
>00000eb3: 62 12 D9 55 E6 F5 A6 02 F2 46 9E 76 B8 BE 8E 60 AB 22 
>00000ec5: 29 02 
>00000ec7: 5F 15 35 17 0B 0F A0 87 93 41 B2 66 53 8C 38 AF 48 CE 00 34 32 
>00000edc: 5F 15 35 17 0B 0F A0 87 93 41 B2 66 53 8C 38 AF 48 CE 00 23 22 
>00000ef1: 29 02 
>00000ef3: 01 86 34 12 19 00 
>00000ef9: 5F 15 35 17 0B 0F A0 87 93 41 B2 66 53 8C 38 AF 48 CE 00 34 12 
>00000f0e: 5F 15 35 17 0B 0F A0 87 93 41 B2 66 53 8C 38 AF 48 CE 00 23 22 
>00000f23: 29 02 
>00000f25: 01 86 07 00 73 00 
>00000f2b: 02 87 76 00 00 00 00 
>00000f32: 29 02 
>00000f34: 5F 92 8B D6 DD 82 63 91 87 41 9B 27 20 A8 FD 60 A7 1D 
>00000f46: 06 8E 7B 00 7C 00 25 00 02 00 11 00 00 01 
>00000f54: 29 02 
>00000f56: 29 02 
>00000f58: 5F 92 8B D6 DD 82 63 91 87 41 9B 27 20 A8 FD 60 A7 1D 
>00000f6a: 05 A6 7D 00 7E 00 26 00 02 00 12 00 00 42 00 00 00 00 00 00 00 00 01 00 00 00 00 00 00 00 00 00 00 00 00 00 00 00 
>00000f90: 09 0A 2D 00 20 02 00 00 00 00 
>00000f9a: 09 0A 2E 00 10 02 01 00 00 00 
>00000fa4: 29 02 
>00000fa6: 29 02 
>00000fa8: 5F 92 8B D6 DD 82 63 91 87 41 9B 27 20 A8 FD 60 A7 1D 
>00000fba: 07 A6 7F 00 83 00 66 66 02 00 18 00 04 84 02 00 00 00 00 00 00 00 0F 00 00 00 00 00 00 00 01 00 00 00 00 00 00 00 
>00000fe0: 29 02 
>00000fe2: 29 02 
>00000fe4: 05 A6 81 00 82 00 27 00 02 00 00 00 00 11 00 00 00 00 00 00 00 00 01 00 00 00 00 00 00 00 00 00 00 00 00 00 00 00 
>0000100a: 09 08 2D 00 21 01 00 00 
>00001012: 09 08 2E 00 11 01 01 00 
>0000101a: 29 02 
>0000101c: 02 87 1B 00 00 00 00 
>00001023: 29 02 
>00001025: 02 87 77 00 00 00 00 
>0000102c: 29 02 
>0000102e: 5F 92 8B D6 DD 82 63 91 87 41 9B 27 20 A8 FD 60 A7 1D 
>00001040: 06 8E 84 00 85 00 28 00 02 00 33 00 00 01 
>0000104e: 29 02 
>00001050: 29 02 
>00001052: 19 82 
>00001054: 12 06 32 00 00 00 
>0000105a: 5F 92 8B D6 DD 82 63 91 87 41 9B 27 20 A8 FD 60 A7 1D 
>0000106c: 07 A6 88 00 89 00 29 00 02 00 25 00 00 44 00 00 00 00 00 00 00 00 07 00 00 00 00 00 00 00 00 00 00 00 00 00 00 00 
>00001092: 5B 09 00 00 02 04 00 00 00 
>0000109b: 5B 09 01 00 02 05 00 00 00 
>000010a4: 29 02 
>000010a6: 29 02 
>000010a8: 29 02 
>000010aa: 5F 92 8B D6 DD 82 63 91 87 41 9B 27 20 A8 FD 60 A7 1D 
>000010bc: 05 A6 86 00 87 00 99 99 02 00 29 00 00 4A 00 00 00 00 00 00 00 00 01 00 00 00 00 00 00 00 00 00 00 00 00 00 00 00 
>000010e2: 09 0A 2D 00 22 02 00 00 00 00 
>000010ec: 09 0A 2E 00 12 02 01 00 00 00 
>000010f6: 29 02 
>000010f8: 29 02 
>000010fa: 02 87 1B 00 00 00 00 
>00001101: 29 02 
>00001103: 02 87 78 00 00 00 00 
>0000110a: 29 02 
>0000110c: 5F 92 8B D6 DD 82 63 91 87 41 9B 27 20 A8 FD 60 A7 1D 
>0000111e: 06 8E 7B 00 7C 00 2A 00 34 12 B1 06 00 01 
>0000112c: 29 02 
>0000112e: 29 02 
>00001130: 5F 92 8B D6 DD 82 63 91 87 41 9B 27 20 A8 FD 60 A7 1D 
>00001142: 05 A6 7D 00 7E 00 2B 00 34 12 B2 06 00 42 00 00 00 00 00 00 00 00 01 00 00 00 00 00 00 00 00 00 00 00 00 00 00 00 
>00001168: 09 0A 2D 00 20 02 00 00 00 00 
>00001172: 09 0A 2E 00 10 02 01 00 00 00 
>0000117c: 29 02 
>0000117e: 29 02 
>00001180: 5F 92 8B D6 DD 82 63 91 87 41 9B 27 20 A8 FD 60 A7 1D 
>00001192: 07 A6 7F 00 80 00 2C 00 34 12 B8 06 00 44 00 00 00 00 00 00 00 00 07 00 00 00 00 00 00 00 00 00 00 00 00 00 00 00 
>000011b8: 5B 06 00 00 02 06 
>000011be: 5B 06 01 00 02 07 
>000011c4: 29 02 
>000011c6: 29 02 
>000011c8: 05 A6 81 00 82 00 2D 00 34 12 D4 00 00 11 00 00 00 00 00 00 00 00 01 00 00 00 00 00 00 00 00 00 00 00 00 00 00 00 
>000011ee: 09 08 2D 00 21 01 00 00 
>000011f6: 09 08 2E 00 11 01 01 00 
>000011fe: 29 02 
>00001200: 02 87 1B 00 00 00 00 
>00001207: 29 02 
>00001209: 02 87 79 00 00 00 00 
>00001210: 29 02 
>00001212: 5F 92 8B D6 DD 82 63 91 87 41 9B 27 20 A8 FD 60 A7 1D 
>00001224: 05 A6 86 00 87 00 2E 00 34 12 80 06 00 46 00 00 00 00 00 00 00 00 01 00 00 00 00 00 00 00 00 00 00 00 00 00 00 00 
>0000124a: 09 0A 2D 00 21 02 00 00 00 00 
>00001254: 09 0A 2E 00 11 02 01 00 00 00 
>0000125e: 29 02 
>00001260: 29 02 
>00001262: 5F 92 8B D6 DD 82 63 91 87 41 9B 27 20 A8 FD 60 A7 1D 
>00001274: 06 8E 84 00 85 00 2F 00 34 12 78 06 00 01 
>00001282: 29 02 
>00001284: 29 02 
>00001286: 5F 92 8B D6 DD 82 63 91 87 41 9B 27 20 A8 FD 60 A7 1D 
>00001298: 07 A6 88 00 8A 00 30 00 34 12 90 06 00 4C 00 00 00 00 00 00 00 00 14 00 00 00 00 00 00 00 00 00 00 00 00 00 00 00 
>000012be: 5B 07 00 00 02 10 00 
>000012c5: 5B 07 01 00 02 11 00 
>000012cc: 29 02 
>000012ce: 29 02 
>000012d0: 02 87 1B 00 00 00 00 
>000012d7: 29 02 
>000012d9: 02 87 7A 00 00 00 00 
>000012e0: 29 02 
>000012e2: 07 A6 8B 00 8C 00 31 00 03 00 00 00 00 10 00 00 00 00 00 00 00 00 14 00 00 00 00 00 00 00 00 00 00 00 00 00 00 00 
>00001308: 5B 06 00 00 00 07 
>0000130e: 5B 06 01 00 00 08 
>00001314: 29 02 
>00001316: 5F 9A F4 27 4A A0 00 DF 42 4D B5 52 39 51 13 02 11 3D 00 00 00 00 00 00 00 00 
>00001330: 29 02 
>00001332: 1E 82 
>00001334: 46 02 
>00001336: 5F 92 8B D6 DD 82 63 91 87 41 9B 27 20 A8 FD 60 A7 1D 
>00001348: 07 9A 00 00 00 00 32 00 02 00 20 00 00 45 00 00 00 00 10 00 00 00 00 00 00 00 
>00001362: 29 02 
>00001364: 29 02 
>00001366: 29 02 
>00001368: 29 02 

Total Size of all record is 0000136a

***************************************************************
PackAlign = 8
		struct MY_EFI_BITS_VARSTORE_DATA : Align : [1]  TotalSize : [0x8]

		struct MY_EFI_BITS_VARSTORE_DATA	{
			+00000000[00000000] BitsData <MY_BITS_DATA>
			+00000004[00000004] EfiBitGrayoutTest <UINT32>
			+00000004[00000004] EfiBitNumeric <UINT32>
			+00000004[00000004] EfiBitOneof <UINT32>
			+00000004[00000004] EfiBitCheckbox <UINT32>
			+00000004[00000004] <UINT32>
		};
---------------------------------------------------------------
		struct MY_EFI_VARSTORE_DATA : Align : [1]  TotalSize : [0x8]

		struct MY_EFI_VARSTORE_DATA	{
			+00000000[00000000] Field8 <UINT8>
			+00000001[00000001] Field16 <UINT16>
			+00000003[00000003] OrderedList[3] <UINT8>
			+00000006[00000006] SubmittedCallback <UINT16>
		};
---------------------------------------------------------------
		struct DRIVER_SAMPLE_CONFIGURATION : Align : [1]  TotalSize : [0xdb]

		struct DRIVER_SAMPLE_CONFIGURATION	{
			+00000000[00000000] MyStringData[40] <UINT16>
			+00000080[00000050] SomethingHiddenForHtml <UINT16>
			+00000082[00000052] HowOldAreYouInYearsManual <UINT8>
			+00000083[00000053] HowTallAreYouManual <UINT16>
			+00000085[00000055] HowOldAreYouInYears <UINT8>
			+00000086[00000056] HowTallAreYou <UINT16>
			+00000088[00000058] MyFavoriteNumber <UINT8>
			+00000089[00000059] TestLateCheck <UINT8>
			+00000090[0000005a] TestLateCheck2 <UINT8>
			+00000091[0000005b] QuestionAboutTreeHugging <UINT8>
			+00000092[0000005c] ChooseToActivateNuclearWeaponry <UINT8>
			+00000093[0000005d] SuppressGrayOutSomething <UINT8>
			+00000094[0000005e] OrderedList[8] <UINT8>
			+00000102[00000066] BootOrder[8] <UINT16>
			+00000118[00000076] BootOrderLarge <UINT8>
			+00000119[00000077] DynamicRefresh <UINT8>
			+00000120[00000078] DynamicOneof <UINT8>
			+00000121[00000079] DynamicOrderedList[5] <UINT8>
			+00000126[0000007e] Reserved <UINT8>
			+00000127[0000007f] RefData <EFI_HII_REF>
			+00000149[00000095] NameValueVar0 <UINT8>
			+00000150[00000096] NameValueVar1 <UINT16>
			+00000152[00000098] NameValueVar2[20] <UINT16>
			+00000192[000000c0] SerialPortNo <UINT8>
			+00000193[000000c1] SerialPortStatus <UINT8>
			+00000194[000000c2] SerialPortIo <UINT16>
			+00000196[000000c4] SerialPortIrq <UINT8>
			+00000197[000000c5] GetDefaultValueFromCallBack <UINT8>
			+00000198[000000c6] GetDefaultValueFromAccess <UINT8>
			+00000199[000000c7] Time <EFI_HII_TIME>
			+00000202[000000ca] RefreshGuidCount <UINT8>
			+00000203[000000cb] Match2 <UINT8>
			+00000204[000000cc] GetDefaultValueFromCallBackForOrderedList[3] <UINT8>
			+00000207[000000cf] BitCheckbox <UINT8>
			+00000207[000000cf] ReservedBits <UINT8>
			+00000208[000000d0] BitOneof <UINT16>
			+00000208[000000d0] <UINT16>
			+00000210[000000d2] BitNumeric <UINT16>
			+00000212[000000d4] MyBitData <MY_BITS_DATA>
			+00000216[000000d8] MyUnionData <MY_EFI_UNION_DATA>
			+00000217[000000d9] QuestionXUefiKeywordRestStyle <UINT8>
			+00000218[000000da] QuestionNonXUefiKeywordRestStyle <UINT8>
		};
---------------------------------------------------------------
		struct MY_EFI_UNION_DATA : Align : [1]  TotalSize : [0x1]

		struct MY_EFI_UNION_DATA	{
			+00000000[00000000] UnionNumeric <UINT8>
			+00000000[00000000] UnionNumericAlias <UINT8>
		};
---------------------------------------------------------------
		struct MY_BITS_DATA : Align : [1]  TotalSize : [0x4]

		struct MY_BITS_DATA	{
			+00000000[00000000] NestByteField <UINT16>
			+00000002[00000002] <UINT8>
			+00000002[00000002] NestBitCheckbox <UINT8>
			+00000002[00000002] NestBitOneof <UINT8>
			+00000002[00000002] <UINT8>
			+00000003[00000003] NestBitNumeric <UINT8>
		};
---------------------------------------------------------------
		struct EFI_HII_REF : Align : [16]  TotalSize : [0x16]

		struct EFI_HII_REF	{
			+00000000[00000000] QuestionId <UINT16>
			+00000002[00000002] FormId <UINT16>
			+00000004[00000004] FormSetGuid <EFI_GUID>
			+00000020[00000014] DevicePath <EFI_STRING_ID>
		};
---------------------------------------------------------------
		struct EFI_HII_TIME : Align : [1]  TotalSize : [0x3]

		struct EFI_HII_TIME	{
			+00000000[00000000] Hours <UINT8>
			+00000001[00000001] Minutes <UINT8>
			+00000002[00000002] Seconds <UINT8>
		};
---------------------------------------------------------------
		struct EFI_STRING_ID : Align : [2]  TotalSize : [0x2]

		struct EFI_STRING_ID	{
		};
---------------------------------------------------------------
		struct EFI_HII_DATE : Align : [2]  TotalSize : [0x4]

		struct EFI_HII_DATE	{
			+00000000[00000000] Year <UINT16>
			+00000002[00000002] Month <UINT8>
			+00000003[00000003] Day <UINT8>
		};
---------------------------------------------------------------
		struct EFI_GUID : Align : [8]  TotalSize : [0x10]

		struct EFI_GUID	{
		};
---------------------------------------------------------------
		struct BOOLEAN : Align : [1]  TotalSize : [0x1]

		struct BOOLEAN	{
		};
---------------------------------------------------------------
		struct UINT8 : Align : [1]  TotalSize : [0x1]

		struct UINT8	{
		};
---------------------------------------------------------------
		struct UINT16 : Align : [2]  TotalSize : [0x2]

		struct UINT16	{
		};
---------------------------------------------------------------
		struct UINT32 : Align : [4]  TotalSize : [0x4]

		struct UINT32	{
		};
---------------------------------------------------------------
		struct UINT64 : Align : [8]  TotalSize : [0x8]

		struct UINT64	{
		};
---------------------------------------------------------------
***************************************************************
